Time resolution is 1 ps
bf1_x0_re= 8191, bf1_x0_im=    0, bf1_x1_re= 8193, bf1_x1_im=    0, bf1_y0_re=    0, bf1_y0_im=    0, bf1_y1_re= 8191, bf1_y1_im=    0
bf1_x0_re= 8191, bf1_x0_im=    0, bf1_x1_re= 8193, bf1_x1_im=    0, bf1_y0_re=    0, bf1_y0_im=    0, bf1_y1_re= 8191, bf1_y1_im=    0
bf1_x0_re= 8191, bf1_x0_im=    0, bf1_x1_re= 8193, bf1_x1_im=    0, bf1_y0_re=    0, bf1_y0_im=    0, bf1_y1_re= 8191, bf1_y1_im=    0
bf1_x0_re= 8190, bf1_x0_im=    0, bf1_x1_re= 8194, bf1_x1_im=    0, bf1_y0_re=    0, bf1_y0_im=    0, bf1_y1_re= 8190, bf1_y1_im=    0
bf1_x0_re= 8189, bf1_x0_im=    0, bf1_x1_re= 8195, bf1_x1_im=    0, bf1_y0_re=    0, bf1_y0_im=    0, bf1_y1_re= 8189, bf1_y1_im=    0
bf1_x0_re= 8187, bf1_x0_im=    0, bf1_x1_re= 8197, bf1_x1_im=    0, bf1_y0_re=    0, bf1_y0_im=    0, bf1_y1_re= 8187, bf1_y1_im=    0
bf1_x0_re= 8186, bf1_x0_im=    0, bf1_x1_re= 8198, bf1_x1_im=    0, bf1_y0_re=    0, bf1_y0_im=    0, bf1_y1_re= 8186, bf1_y1_im=    0
bf1_x0_re= 8184, bf1_x0_im=    0, bf1_x1_re= 8200, bf1_x1_im=    0, bf1_y0_re=    0, bf1_y0_im=    0, bf1_y1_re= 8184, bf1_y1_im=    0
bf1_x0_re= 8181, bf1_x0_im=    0, bf1_x1_re= 8203, bf1_x1_im=    0, bf1_y0_re=    0, bf1_y0_im=    0, bf1_y1_re= 8181, bf1_y1_im=    0
bf1_x0_re= 8179, bf1_x0_im=    0, bf1_x1_re= 8205, bf1_x1_im=    0, bf1_y0_re=    0, bf1_y0_im=    0, bf1_y1_re= 8179, bf1_y1_im=    0
bf1_x0_re= 8176, bf1_x0_im=    0, bf1_x1_re= 8208, bf1_x1_im=    0, bf1_y0_re=    0, bf1_y0_im=    0, bf1_y1_re= 8176, bf1_y1_im=    0
bf1_x0_re= 8173, bf1_x0_im=    0, bf1_x1_re= 8211, bf1_x1_im=    0, bf1_y0_re=    0, bf1_y0_im=    0, bf1_y1_re= 8173, bf1_y1_im=    0
bf1_x0_re= 8169, bf1_x0_im=    0, bf1_x1_re= 8215, bf1_x1_im=    0, bf1_y0_re=    0, bf1_y0_im=    0, bf1_y1_re= 8169, bf1_y1_im=    0
bf1_x0_re= 8165, bf1_x0_im=    0, bf1_x1_re= 8219, bf1_x1_im=    0, bf1_y0_re=    0, bf1_y0_im=    0, bf1_y1_re= 8165, bf1_y1_im=    0
bf1_x0_re= 8161, bf1_x0_im=    0, bf1_x1_re= 8223, bf1_x1_im=    0, bf1_y0_re=    0, bf1_y0_im=    0, bf1_y1_re= 8161, bf1_y1_im=    0
bf1_x0_re= 8157, bf1_x0_im=    0, bf1_x1_re= 8227, bf1_x1_im=    0, bf1_y0_re=    0, bf1_y0_im=    0, bf1_y1_re= 8157, bf1_y1_im=    0
bf1_x0_re= 8152, bf1_x0_im=    0, bf1_x1_re= 8232, bf1_x1_im=    0, bf1_y0_re=    0, bf1_y0_im=    0, bf1_y1_re= 8152, bf1_y1_im=    0
bf1_x0_re= 8147, bf1_x0_im=    0, bf1_x1_re= 8237, bf1_x1_im=    0, bf1_y0_re=    0, bf1_y0_im=    0, bf1_y1_re= 8147, bf1_y1_im=    0
bf1_x0_re= 8141, bf1_x0_im=    0, bf1_x1_re= 8243, bf1_x1_im=    0, bf1_y0_re=    0, bf1_y0_im=    0, bf1_y1_re= 8141, bf1_y1_im=    0
bf1_x0_re= 8136, bf1_x0_im=    0, bf1_x1_re= 8248, bf1_x1_im=    0, bf1_y0_re=    0, bf1_y0_im=    0, bf1_y1_re= 8136, bf1_y1_im=    0
bf1_x0_re= 8130, bf1_x0_im=    0, bf1_x1_re= 8254, bf1_x1_im=    0, bf1_y0_re=    0, bf1_y0_im=    0, bf1_y1_re= 8130, bf1_y1_im=    0
bf1_x0_re= 8123, bf1_x0_im=    0, bf1_x1_re= 8261, bf1_x1_im=    0, bf1_y0_re=    0, bf1_y0_im=    0, bf1_y1_re= 8123, bf1_y1_im=    0
bf1_x0_re= 8117, bf1_x0_im=    0, bf1_x1_re= 8267, bf1_x1_im=    0, bf1_y0_re=    0, bf1_y0_im=    0, bf1_y1_re= 8117, bf1_y1_im=    0
bf1_x0_re= 8110, bf1_x0_im=    0, bf1_x1_re= 8274, bf1_x1_im=    0, bf1_y0_re=    0, bf1_y0_im=    0, bf1_y1_re= 8110, bf1_y1_im=    0
bf1_x0_re= 8103, bf1_x0_im=    0, bf1_x1_re= 8281, bf1_x1_im=    0, bf1_y0_re=    0, bf1_y0_im=    0, bf1_y1_re= 8103, bf1_y1_im=    0
bf1_x0_re= 8095, bf1_x0_im=    0, bf1_x1_re= 8289, bf1_x1_im=    0, bf1_y0_re=    0, bf1_y0_im=    0, bf1_y1_re= 8095, bf1_y1_im=    0
bf1_x0_re= 8087, bf1_x0_im=    0, bf1_x1_re= 8297, bf1_x1_im=    0, bf1_y0_re=    0, bf1_y0_im=    0, bf1_y1_re= 8087, bf1_y1_im=    0
bf1_x0_re= 8079, bf1_x0_im=    0, bf1_x1_re= 8305, bf1_x1_im=    0, bf1_y0_re=    0, bf1_y0_im=    0, bf1_y1_re= 8079, bf1_y1_im=    0
bf1_x0_re= 8071, bf1_x0_im=    0, bf1_x1_re= 8313, bf1_x1_im=    0, bf1_y0_re=    0, bf1_y0_im=    0, bf1_y1_re= 8071, bf1_y1_im=    0
bf1_x0_re= 8062, bf1_x0_im=    0, bf1_x1_re= 8322, bf1_x1_im=    0, bf1_y0_re=    0, bf1_y0_im=    0, bf1_y1_re= 8062, bf1_y1_im=    0
bf1_x0_re= 8053, bf1_x0_im=    0, bf1_x1_re= 8331, bf1_x1_im=    0, bf1_y0_re=    0, bf1_y0_im=    0, bf1_y1_re= 8053, bf1_y1_im=    0
bf1_x0_re= 8043, bf1_x0_im=    0, bf1_x1_re= 8341, bf1_x1_im=    0, bf1_y0_re=    0, bf1_y0_im=    0, bf1_y1_re= 8043, bf1_y1_im=    0
bf1_x0_re= 8034, bf1_x0_im=    0, bf1_x1_re= 8350, bf1_x1_im=    0, bf1_y0_re=    0, bf1_y0_im=    0, bf1_y1_re= 8034, bf1_y1_im=    0
bf1_x0_re= 8024, bf1_x0_im=    0, bf1_x1_re= 8360, bf1_x1_im=    0, bf1_y0_re=    0, bf1_y0_im=    0, bf1_y1_re= 8024, bf1_y1_im=    0
bf1_x0_re= 8014, bf1_x0_im=    0, bf1_x1_re= 8370, bf1_x1_im=    0, bf1_y0_re=    0, bf1_y0_im=    0, bf1_y1_re= 8014, bf1_y1_im=    0
bf1_x0_re= 8003, bf1_x0_im=    0, bf1_x1_re= 8381, bf1_x1_im=    0, bf1_y0_re=    0, bf1_y0_im=    0, bf1_y1_re= 8003, bf1_y1_im=    0
bf1_x0_re= 7992, bf1_x0_im=    0, bf1_x1_re= 8392, bf1_x1_im=    0, bf1_y0_re=    0, bf1_y0_im=    0, bf1_y1_re= 7992, bf1_y1_im=    0
bf1_x0_re= 7981, bf1_x0_im=    0, bf1_x1_re= 8403, bf1_x1_im=    0, bf1_y0_re=    0, bf1_y0_im=    0, bf1_y1_re= 7981, bf1_y1_im=    0
bf1_x0_re= 7970, bf1_x0_im=    0, bf1_x1_re= 8414, bf1_x1_im=    0, bf1_y0_re=    0, bf1_y0_im=    0, bf1_y1_re= 7970, bf1_y1_im=    0
bf1_x0_re= 7958, bf1_x0_im=    0, bf1_x1_re= 8426, bf1_x1_im=    0, bf1_y0_re=    0, bf1_y0_im=    0, bf1_y1_re= 7958, bf1_y1_im=    0
bf1_x0_re= 7946, bf1_x0_im=    0, bf1_x1_re= 8438, bf1_x1_im=    0, bf1_y0_re=    0, bf1_y0_im=    0, bf1_y1_re= 7946, bf1_y1_im=    0
bf1_x0_re= 7933, bf1_x0_im=    0, bf1_x1_re= 8451, bf1_x1_im=    0, bf1_y0_re=    0, bf1_y0_im=    0, bf1_y1_re= 7933, bf1_y1_im=    0
bf1_x0_re= 7921, bf1_x0_im=    0, bf1_x1_re= 8463, bf1_x1_im=    0, bf1_y0_re=    0, bf1_y0_im=    0, bf1_y1_re= 7921, bf1_y1_im=    0
bf1_x0_re= 7908, bf1_x0_im=    0, bf1_x1_re= 8476, bf1_x1_im=    0, bf1_y0_re=    0, bf1_y0_im=    0, bf1_y1_re= 7908, bf1_y1_im=    0
bf1_x0_re= 7894, bf1_x0_im=    0, bf1_x1_re= 8490, bf1_x1_im=    0, bf1_y0_re=    0, bf1_y0_im=    0, bf1_y1_re= 7894, bf1_y1_im=    0
bf1_x0_re= 7881, bf1_x0_im=    0, bf1_x1_re= 8503, bf1_x1_im=    0, bf1_y0_re=    0, bf1_y0_im=    0, bf1_y1_re= 7881, bf1_y1_im=    0
bf1_x0_re= 7867, bf1_x0_im=    0, bf1_x1_re= 8517, bf1_x1_im=    0, bf1_y0_re=    0, bf1_y0_im=    0, bf1_y1_re= 7867, bf1_y1_im=    0
bf1_x0_re= 7853, bf1_x0_im=    0, bf1_x1_re= 8531, bf1_x1_im=    0, bf1_y0_re=    0, bf1_y0_im=    0, bf1_y1_re= 7853, bf1_y1_im=    0
bf1_x0_re= 7838, bf1_x0_im=    0, bf1_x1_re= 8546, bf1_x1_im=    0, bf1_y0_re=    0, bf1_y0_im=    0, bf1_y1_re= 7838, bf1_y1_im=    0
bf1_x0_re= 7824, bf1_x0_im=    0, bf1_x1_re= 8560, bf1_x1_im=    0, bf1_y0_re=    0, bf1_y0_im=    0, bf1_y1_re= 7824, bf1_y1_im=    0
bf1_x0_re= 7809, bf1_x0_im=    0, bf1_x1_re= 8575, bf1_x1_im=    0, bf1_y0_re=    0, bf1_y0_im=    0, bf1_y1_re= 7809, bf1_y1_im=    0
bf1_x0_re= 7793, bf1_x0_im=    0, bf1_x1_re= 8591, bf1_x1_im=    0, bf1_y0_re=    0, bf1_y0_im=    0, bf1_y1_re= 7793, bf1_y1_im=    0
bf1_x0_re= 7778, bf1_x0_im=    0, bf1_x1_re= 8606, bf1_x1_im=    0, bf1_y0_re=    0, bf1_y0_im=    0, bf1_y1_re= 7778, bf1_y1_im=    0
bf1_x0_re= 7762, bf1_x0_im=    0, bf1_x1_re= 8622, bf1_x1_im=    0, bf1_y0_re=    0, bf1_y0_im=    0, bf1_y1_re= 7762, bf1_y1_im=    0
bf1_x0_re= 7746, bf1_x0_im=    0, bf1_x1_re= 8638, bf1_x1_im=    0, bf1_y0_re=    0, bf1_y0_im=    0, bf1_y1_re= 7746, bf1_y1_im=    0
bf1_x0_re= 7729, bf1_x0_im=    0, bf1_x1_re= 8655, bf1_x1_im=    0, bf1_y0_re=    0, bf1_y0_im=    0, bf1_y1_re= 7729, bf1_y1_im=    0
bf1_x0_re= 7712, bf1_x0_im=    0, bf1_x1_re= 8672, bf1_x1_im=    0, bf1_y0_re=    0, bf1_y0_im=    0, bf1_y1_re= 7712, bf1_y1_im=    0
bf1_x0_re= 7695, bf1_x0_im=    0, bf1_x1_re= 8689, bf1_x1_im=    0, bf1_y0_re=    0, bf1_y0_im=    0, bf1_y1_re= 7695, bf1_y1_im=    0
bf1_x0_re= 7678, bf1_x0_im=    0, bf1_x1_re= 8706, bf1_x1_im=    0, bf1_y0_re=    0, bf1_y0_im=    0, bf1_y1_re= 7678, bf1_y1_im=    0
bf1_x0_re= 7660, bf1_x0_im=    0, bf1_x1_re= 8724, bf1_x1_im=    0, bf1_y0_re=    0, bf1_y0_im=    0, bf1_y1_re= 7660, bf1_y1_im=    0
bf1_x0_re= 7642, bf1_x0_im=    0, bf1_x1_re= 8742, bf1_x1_im=    0, bf1_y0_re=    0, bf1_y0_im=    0, bf1_y1_re= 7642, bf1_y1_im=    0
bf1_x0_re= 7624, bf1_x0_im=    0, bf1_x1_re= 8760, bf1_x1_im=    0, bf1_y0_re=    0, bf1_y0_im=    0, bf1_y1_re= 7624, bf1_y1_im=    0
bf1_x0_re= 7606, bf1_x0_im=    0, bf1_x1_re= 8778, bf1_x1_im=    0, bf1_y0_re=    0, bf1_y0_im=    0, bf1_y1_re= 7606, bf1_y1_im=    0
bf1_x0_re= 7587, bf1_x0_im=    0, bf1_x1_re= 8797, bf1_x1_im=    0, bf1_y0_re=    0, bf1_y0_im=    0, bf1_y1_re= 7587, bf1_y1_im=    0
bf1_x0_re= 7568, bf1_x0_im=    0, bf1_x1_re= 8816, bf1_x1_im=    0, bf1_y0_re=    0, bf1_y0_im=    0, bf1_y1_re= 7568, bf1_y1_im=    0
bf1_x0_re= 7548, bf1_x0_im=    0, bf1_x1_re= 8836, bf1_x1_im=    0, bf1_y0_re=    0, bf1_y0_im=    0, bf1_y1_re= 7548, bf1_y1_im=    0
bf1_x0_re= 7529, bf1_x0_im=    0, bf1_x1_re= 8855, bf1_x1_im=    0, bf1_y0_re=    0, bf1_y0_im=    0, bf1_y1_re= 7529, bf1_y1_im=    0
bf1_x0_re= 7509, bf1_x0_im=    0, bf1_x1_re= 8875, bf1_x1_im=    0, bf1_y0_re=    0, bf1_y0_im=    0, bf1_y1_re= 7509, bf1_y1_im=    0
bf1_x0_re= 7488, bf1_x0_im=    0, bf1_x1_re= 8896, bf1_x1_im=    0, bf1_y0_re=    0, bf1_y0_im=    0, bf1_y1_re= 7488, bf1_y1_im=    0
bf1_x0_re= 7468, bf1_x0_im=    0, bf1_x1_re= 8916, bf1_x1_im=    0, bf1_y0_re=    0, bf1_y0_im=    0, bf1_y1_re= 7468, bf1_y1_im=    0
bf1_x0_re= 7447, bf1_x0_im=    0, bf1_x1_re= 8937, bf1_x1_im=    0, bf1_y0_re=    0, bf1_y0_im=    0, bf1_y1_re= 7447, bf1_y1_im=    0
bf1_x0_re= 7426, bf1_x0_im=    0, bf1_x1_re= 8958, bf1_x1_im=    0, bf1_y0_re=    0, bf1_y0_im=    0, bf1_y1_re= 7426, bf1_y1_im=    0
bf1_x0_re= 7405, bf1_x0_im=    0, bf1_x1_re= 8979, bf1_x1_im=    0, bf1_y0_re=    0, bf1_y0_im=    0, bf1_y1_re= 7405, bf1_y1_im=    0
bf1_x0_re= 7383, bf1_x0_im=    0, bf1_x1_re= 9001, bf1_x1_im=    0, bf1_y0_re=    0, bf1_y0_im=    0, bf1_y1_re= 7383, bf1_y1_im=    0
bf1_x0_re= 7361, bf1_x0_im=    0, bf1_x1_re= 9023, bf1_x1_im=    0, bf1_y0_re=    0, bf1_y0_im=    0, bf1_y1_re= 7361, bf1_y1_im=    0
bf1_x0_re= 7339, bf1_x0_im=    0, bf1_x1_re= 9045, bf1_x1_im=    0, bf1_y0_re=    0, bf1_y0_im=    0, bf1_y1_re= 7339, bf1_y1_im=    0
bf1_x0_re= 7317, bf1_x0_im=    0, bf1_x1_re= 9067, bf1_x1_im=    0, bf1_y0_re=    0, bf1_y0_im=    0, bf1_y1_re= 7317, bf1_y1_im=    0
bf1_x0_re= 7294, bf1_x0_im=    0, bf1_x1_re= 9090, bf1_x1_im=    0, bf1_y0_re=    0, bf1_y0_im=    0, bf1_y1_re= 7294, bf1_y1_im=    0
bf1_x0_re= 7271, bf1_x0_im=    0, bf1_x1_re= 9113, bf1_x1_im=    0, bf1_y0_re=    0, bf1_y0_im=    0, bf1_y1_re= 7271, bf1_y1_im=    0
bf1_x0_re= 7248, bf1_x0_im=    0, bf1_x1_re= 9136, bf1_x1_im=    0, bf1_y0_re=    0, bf1_y0_im=    0, bf1_y1_re= 7248, bf1_y1_im=    0
bf1_x0_re= 7224, bf1_x0_im=    0, bf1_x1_re= 9160, bf1_x1_im=    0, bf1_y0_re=    0, bf1_y0_im=    0, bf1_y1_re= 7224, bf1_y1_im=    0
bf1_x0_re= 7200, bf1_x0_im=    0, bf1_x1_re= 9184, bf1_x1_im=    0, bf1_y0_re=    0, bf1_y0_im=    0, bf1_y1_re= 7200, bf1_y1_im=    0
bf1_x0_re= 7176, bf1_x0_im=    0, bf1_x1_re= 9208, bf1_x1_im=    0, bf1_y0_re=    0, bf1_y0_im=    0, bf1_y1_re= 7176, bf1_y1_im=    0
bf1_x0_re= 7152, bf1_x0_im=    0, bf1_x1_re= 9232, bf1_x1_im=    0, bf1_y0_re=    0, bf1_y0_im=    0, bf1_y1_re= 7152, bf1_y1_im=    0
bf1_x0_re= 7127, bf1_x0_im=    0, bf1_x1_re= 9257, bf1_x1_im=    0, bf1_y0_re=    0, bf1_y0_im=    0, bf1_y1_re= 7127, bf1_y1_im=    0
bf1_x0_re= 7102, bf1_x0_im=    0, bf1_x1_re= 9282, bf1_x1_im=    0, bf1_y0_re=    0, bf1_y0_im=    0, bf1_y1_re= 7102, bf1_y1_im=    0
bf1_x0_re= 7077, bf1_x0_im=    0, bf1_x1_re= 9307, bf1_x1_im=    0, bf1_y0_re=    0, bf1_y0_im=    0, bf1_y1_re= 7077, bf1_y1_im=    0
bf1_x0_re= 7052, bf1_x0_im=    0, bf1_x1_re= 9332, bf1_x1_im=    0, bf1_y0_re=    0, bf1_y0_im=    0, bf1_y1_re= 7052, bf1_y1_im=    0
bf1_x0_re= 7026, bf1_x0_im=    0, bf1_x1_re= 9358, bf1_x1_im=    0, bf1_y0_re=    0, bf1_y0_im=    0, bf1_y1_re= 7026, bf1_y1_im=    0
bf1_x0_re= 7000, bf1_x0_im=    0, bf1_x1_re= 9384, bf1_x1_im=    0, bf1_y0_re=    0, bf1_y0_im=    0, bf1_y1_re= 7000, bf1_y1_im=    0
bf1_x0_re= 6974, bf1_x0_im=    0, bf1_x1_re= 9410, bf1_x1_im=    0, bf1_y0_re=    0, bf1_y0_im=    0, bf1_y1_re= 6974, bf1_y1_im=    0
bf1_x0_re= 6947, bf1_x0_im=    0, bf1_x1_re= 9437, bf1_x1_im=    0, bf1_y0_re=    0, bf1_y0_im=    0, bf1_y1_re= 6947, bf1_y1_im=    0
bf1_x0_re= 6920, bf1_x0_im=    0, bf1_x1_re= 9464, bf1_x1_im=    0, bf1_y0_re=    0, bf1_y0_im=    0, bf1_y1_re= 6920, bf1_y1_im=    0
bf1_x0_re= 6893, bf1_x0_im=    0, bf1_x1_re= 9491, bf1_x1_im=    0, bf1_y0_re=    0, bf1_y0_im=    0, bf1_y1_re= 6893, bf1_y1_im=    0
bf1_x0_re= 6866, bf1_x0_im=    0, bf1_x1_re= 9518, bf1_x1_im=    0, bf1_y0_re=    0, bf1_y0_im=    0, bf1_y1_re= 6866, bf1_y1_im=    0
bf1_x0_re= 6839, bf1_x0_im=    0, bf1_x1_re= 9545, bf1_x1_im=    0, bf1_y0_re=    0, bf1_y0_im=    0, bf1_y1_re= 6839, bf1_y1_im=    0
bf1_x0_re= 6811, bf1_x0_im=    0, bf1_x1_re= 9573, bf1_x1_im=    0, bf1_y0_re=    0, bf1_y0_im=    0, bf1_y1_re= 6811, bf1_y1_im=    0
bf1_x0_re= 6783, bf1_x0_im=    0, bf1_x1_re= 9601, bf1_x1_im=    0, bf1_y0_re=    0, bf1_y0_im=    0, bf1_y1_re= 6783, bf1_y1_im=    0
bf1_x0_re= 6754, bf1_x0_im=    0, bf1_x1_re= 9630, bf1_x1_im=    0, bf1_y0_re=    0, bf1_y0_im=    0, bf1_y1_re= 6754, bf1_y1_im=    0
bf1_x0_re= 6726, bf1_x0_im=    0, bf1_x1_re= 9658, bf1_x1_im=    0, bf1_y0_re=    0, bf1_y0_im=    0, bf1_y1_re= 6726, bf1_y1_im=    0
bf1_x0_re= 6697, bf1_x0_im=    0, bf1_x1_re= 9687, bf1_x1_im=    0, bf1_y0_re=    0, bf1_y0_im=    0, bf1_y1_re= 6697, bf1_y1_im=    0
bf1_x0_re= 6668, bf1_x0_im=    0, bf1_x1_re= 9716, bf1_x1_im=    0, bf1_y0_re=    0, bf1_y0_im=    0, bf1_y1_re= 6668, bf1_y1_im=    0
bf1_x0_re= 6639, bf1_x0_im=    0, bf1_x1_re= 9745, bf1_x1_im=    0, bf1_y0_re=    0, bf1_y0_im=    0, bf1_y1_re= 6639, bf1_y1_im=    0
bf1_x0_re= 6609, bf1_x0_im=    0, bf1_x1_re= 9775, bf1_x1_im=    0, bf1_y0_re=    0, bf1_y0_im=    0, bf1_y1_re= 6609, bf1_y1_im=    0
bf1_x0_re= 6579, bf1_x0_im=    0, bf1_x1_re= 9805, bf1_x1_im=    0, bf1_y0_re=    0, bf1_y0_im=    0, bf1_y1_re= 6579, bf1_y1_im=    0
bf1_x0_re= 6549, bf1_x0_im=    0, bf1_x1_re= 9835, bf1_x1_im=    0, bf1_y0_re=    0, bf1_y0_im=    0, bf1_y1_re= 6549, bf1_y1_im=    0
bf1_x0_re= 6519, bf1_x0_im=    0, bf1_x1_re= 9865, bf1_x1_im=    0, bf1_y0_re=    0, bf1_y0_im=    0, bf1_y1_re= 6519, bf1_y1_im=    0
bf1_x0_re= 6488, bf1_x0_im=    0, bf1_x1_re= 9896, bf1_x1_im=    0, bf1_y0_re=    0, bf1_y0_im=    0, bf1_y1_re= 6488, bf1_y1_im=    0
bf1_x0_re= 6457, bf1_x0_im=    0, bf1_x1_re= 9927, bf1_x1_im=    0, bf1_y0_re=    0, bf1_y0_im=    0, bf1_y1_re= 6457, bf1_y1_im=    0
bf1_x0_re= 6426, bf1_x0_im=    0, bf1_x1_re= 9958, bf1_x1_im=    0, bf1_y0_re=    0, bf1_y0_im=    0, bf1_y1_re= 6426, bf1_y1_im=    0
bf1_x0_re= 6395, bf1_x0_im=    0, bf1_x1_re= 9989, bf1_x1_im=    0, bf1_y0_re=    0, bf1_y0_im=    0, bf1_y1_re= 6395, bf1_y1_im=    0
bf1_x0_re= 6364, bf1_x0_im=    0, bf1_x1_re=10020, bf1_x1_im=    0, bf1_y0_re=    0, bf1_y0_im=    0, bf1_y1_re= 6364, bf1_y1_im=    0
bf1_x0_re= 6332, bf1_x0_im=    0, bf1_x1_re=10052, bf1_x1_im=    0, bf1_y0_re=    0, bf1_y0_im=    0, bf1_y1_re= 6332, bf1_y1_im=    0
bf1_x0_re= 6300, bf1_x0_im=    0, bf1_x1_re=10084, bf1_x1_im=    0, bf1_y0_re=    0, bf1_y0_im=    0, bf1_y1_re= 6300, bf1_y1_im=    0
bf1_x0_re= 6268, bf1_x0_im=    0, bf1_x1_re=10116, bf1_x1_im=    0, bf1_y0_re=    0, bf1_y0_im=    0, bf1_y1_re= 6268, bf1_y1_im=    0
bf1_x0_re= 6235, bf1_x0_im=    0, bf1_x1_re=10149, bf1_x1_im=    0, bf1_y0_re=    0, bf1_y0_im=    0, bf1_y1_re= 6235, bf1_y1_im=    0
bf1_x0_re= 6202, bf1_x0_im=    0, bf1_x1_re=10182, bf1_x1_im=    0, bf1_y0_re=    0, bf1_y0_im=    0, bf1_y1_re= 6202, bf1_y1_im=    0
bf1_x0_re= 6169, bf1_x0_im=    0, bf1_x1_re=10215, bf1_x1_im=    0, bf1_y0_re=    0, bf1_y0_im=    0, bf1_y1_re= 6169, bf1_y1_im=    0
bf1_x0_re= 6136, bf1_x0_im=    0, bf1_x1_re=10248, bf1_x1_im=    0, bf1_y0_re=    0, bf1_y0_im=    0, bf1_y1_re= 6136, bf1_y1_im=    0
bf1_x0_re= 6103, bf1_x0_im=    0, bf1_x1_re=10281, bf1_x1_im=    0, bf1_y0_re=    0, bf1_y0_im=    0, bf1_y1_re= 6103, bf1_y1_im=    0
bf1_x0_re= 6069, bf1_x0_im=    0, bf1_x1_re=10315, bf1_x1_im=    0, bf1_y0_re=    0, bf1_y0_im=    0, bf1_y1_re= 6069, bf1_y1_im=    0
bf1_x0_re= 6035, bf1_x0_im=    0, bf1_x1_re=10349, bf1_x1_im=    0, bf1_y0_re=    0, bf1_y0_im=    0, bf1_y1_re= 6035, bf1_y1_im=    0
bf1_x0_re= 6001, bf1_x0_im=    0, bf1_x1_re=10383, bf1_x1_im=    0, bf1_y0_re=    0, bf1_y0_im=    0, bf1_y1_re= 6001, bf1_y1_im=    0
bf1_x0_re= 5967, bf1_x0_im=    0, bf1_x1_re=10417, bf1_x1_im=    0, bf1_y0_re=    0, bf1_y0_im=    0, bf1_y1_re= 5967, bf1_y1_im=    0
bf1_x0_re= 5932, bf1_x0_im=    0, bf1_x1_re=10452, bf1_x1_im=    0, bf1_y0_re=    0, bf1_y0_im=    0, bf1_y1_re= 5932, bf1_y1_im=    0
bf1_x0_re= 5898, bf1_x0_im=    0, bf1_x1_re=10486, bf1_x1_im=    0, bf1_y0_re=    0, bf1_y0_im=    0, bf1_y1_re= 5898, bf1_y1_im=    0
bf1_x0_re= 5863, bf1_x0_im=    0, bf1_x1_re=10521, bf1_x1_im=    0, bf1_y0_re=    0, bf1_y0_im=    0, bf1_y1_re= 5863, bf1_y1_im=    0
bf1_x0_re= 5827, bf1_x0_im=    0, bf1_x1_re=10557, bf1_x1_im=    0, bf1_y0_re=    0, bf1_y0_im=    0, bf1_y1_re= 5827, bf1_y1_im=    0
bf1_x0_re= 5792, bf1_x0_im=    0, bf1_x1_re=10592, bf1_x1_im=    0, bf1_y0_re=    0, bf1_y0_im=    0, bf1_y1_re= 5792, bf1_y1_im=    0
bf1_x0_re= 5756, bf1_x0_im=    0, bf1_x1_re=10628, bf1_x1_im=    0, bf1_y0_re=    0, bf1_y0_im=    0, bf1_y1_re= 5756, bf1_y1_im=    0
bf1_x0_re= 5721, bf1_x0_im=    0, bf1_x1_re=10663, bf1_x1_im=    0, bf1_y0_re=    0, bf1_y0_im=    0, bf1_y1_re= 5721, bf1_y1_im=    0
bf1_x0_re= 5684, bf1_x0_im=    0, bf1_x1_re=10700, bf1_x1_im=    0, bf1_y0_re=    0, bf1_y0_im=    0, bf1_y1_re= 5684, bf1_y1_im=    0
bf1_x0_re= 5648, bf1_x0_im=    0, bf1_x1_re=10736, bf1_x1_im=    0, bf1_y0_re=    0, bf1_y0_im=    0, bf1_y1_re= 5648, bf1_y1_im=    0
bf1_x0_re= 5612, bf1_x0_im=    0, bf1_x1_re=10772, bf1_x1_im=    0, bf1_y0_re=    0, bf1_y0_im=    0, bf1_y1_re= 5612, bf1_y1_im=    0
bf1_x0_re= 5575, bf1_x0_im=    0, bf1_x1_re=10809, bf1_x1_im=    0, bf1_y0_re=    0, bf1_y0_im=    0, bf1_y1_re= 5575, bf1_y1_im=    0
bf1_x0_re= 5538, bf1_x0_im=    0, bf1_x1_re=10846, bf1_x1_im=    0, bf1_y0_re=    0, bf1_y0_im=    0, bf1_y1_re= 5538, bf1_y1_im=    0
bf1_x0_re= 5501, bf1_x0_im=    0, bf1_x1_re=10883, bf1_x1_im=    0, bf1_y0_re=    0, bf1_y0_im=    0, bf1_y1_re= 5501, bf1_y1_im=    0
bf1_x0_re= 5464, bf1_x0_im=    0, bf1_x1_re=10920, bf1_x1_im=    0, bf1_y0_re=    0, bf1_y0_im=    0, bf1_y1_re= 5464, bf1_y1_im=    0
bf1_x0_re= 5426, bf1_x0_im=    0, bf1_x1_re=10958, bf1_x1_im=    0, bf1_y0_re=    0, bf1_y0_im=    0, bf1_y1_re= 5426, bf1_y1_im=    0
bf1_x0_re= 5388, bf1_x0_im=    0, bf1_x1_re=10996, bf1_x1_im=    0, bf1_y0_re=    0, bf1_y0_im=    0, bf1_y1_re= 5388, bf1_y1_im=    0
bf1_x0_re= 5350, bf1_x0_im=    0, bf1_x1_re=11034, bf1_x1_im=    0, bf1_y0_re=    0, bf1_y0_im=    0, bf1_y1_re= 5350, bf1_y1_im=    0
bf1_x0_re= 5312, bf1_x0_im=    0, bf1_x1_re=11072, bf1_x1_im=    0, bf1_y0_re=    0, bf1_y0_im=    0, bf1_y1_re= 5312, bf1_y1_im=    0
bf1_x0_re= 5274, bf1_x0_im=    0, bf1_x1_re=11110, bf1_x1_im=    0, bf1_y0_re=    0, bf1_y0_im=    0, bf1_y1_re= 5274, bf1_y1_im=    0
bf1_x0_re= 5235, bf1_x0_im=    0, bf1_x1_re=11149, bf1_x1_im=    0, bf1_y0_re=    0, bf1_y0_im=    0, bf1_y1_re= 5235, bf1_y1_im=    0
bf1_x0_re= 5196, bf1_x0_im=    0, bf1_x1_re=11188, bf1_x1_im=    0, bf1_y0_re=    0, bf1_y0_im=    0, bf1_y1_re= 5196, bf1_y1_im=    0
bf1_x0_re= 5157, bf1_x0_im=    0, bf1_x1_re=11227, bf1_x1_im=    0, bf1_y0_re=    0, bf1_y0_im=    0, bf1_y1_re= 5157, bf1_y1_im=    0
bf1_x0_re= 5118, bf1_x0_im=    0, bf1_x1_re=11266, bf1_x1_im=    0, bf1_y0_re=    0, bf1_y0_im=    0, bf1_y1_re= 5118, bf1_y1_im=    0
bf1_x0_re= 5079, bf1_x0_im=    0, bf1_x1_re=11305, bf1_x1_im=    0, bf1_y0_re=    0, bf1_y0_im=    0, bf1_y1_re= 5079, bf1_y1_im=    0
bf1_x0_re= 5039, bf1_x0_im=    0, bf1_x1_re=11345, bf1_x1_im=    0, bf1_y0_re=    0, bf1_y0_im=    0, bf1_y1_re= 5039, bf1_y1_im=    0
bf1_x0_re= 5000, bf1_x0_im=    0, bf1_x1_re=11384, bf1_x1_im=    0, bf1_y0_re=    0, bf1_y0_im=    0, bf1_y1_re= 5000, bf1_y1_im=    0
bf1_x0_re= 4960, bf1_x0_im=    0, bf1_x1_re=11424, bf1_x1_im=    0, bf1_y0_re=    0, bf1_y0_im=    0, bf1_y1_re= 4960, bf1_y1_im=    0
bf1_x0_re= 4920, bf1_x0_im=    0, bf1_x1_re=11464, bf1_x1_im=    0, bf1_y0_re=    0, bf1_y0_im=    0, bf1_y1_re= 4920, bf1_y1_im=    0
bf1_x0_re= 4879, bf1_x0_im=    0, bf1_x1_re=11505, bf1_x1_im=    0, bf1_y0_re=    0, bf1_y0_im=    0, bf1_y1_re= 4879, bf1_y1_im=    0
bf1_x0_re= 4839, bf1_x0_im=    0, bf1_x1_re=11545, bf1_x1_im=    0, bf1_y0_re=    0, bf1_y0_im=    0, bf1_y1_re= 4839, bf1_y1_im=    0
bf1_x0_re= 4798, bf1_x0_im=    0, bf1_x1_re=11586, bf1_x1_im=    0, bf1_y0_re=    0, bf1_y0_im=    0, bf1_y1_re= 4798, bf1_y1_im=    0
bf1_x0_re= 4758, bf1_x0_im=    0, bf1_x1_re=11626, bf1_x1_im=    0, bf1_y0_re=    0, bf1_y0_im=    0, bf1_y1_re= 4758, bf1_y1_im=    0
bf1_x0_re= 4717, bf1_x0_im=    0, bf1_x1_re=11667, bf1_x1_im=    0, bf1_y0_re=    0, bf1_y0_im=    0, bf1_y1_re= 4717, bf1_y1_im=    0
bf1_x0_re= 4675, bf1_x0_im=    0, bf1_x1_re=11709, bf1_x1_im=    0, bf1_y0_re=    0, bf1_y0_im=    0, bf1_y1_re= 4675, bf1_y1_im=    0
bf1_x0_re= 4634, bf1_x0_im=    0, bf1_x1_re=11750, bf1_x1_im=    0, bf1_y0_re=    0, bf1_y0_im=    0, bf1_y1_re= 4634, bf1_y1_im=    0
bf1_x0_re= 4592, bf1_x0_im=    0, bf1_x1_re=11792, bf1_x1_im=    0, bf1_y0_re=    0, bf1_y0_im=    0, bf1_y1_re= 4592, bf1_y1_im=    0
bf1_x0_re= 4551, bf1_x0_im=    0, bf1_x1_re=11833, bf1_x1_im=    0, bf1_y0_re=    0, bf1_y0_im=    0, bf1_y1_re= 4551, bf1_y1_im=    0
bf1_x0_re= 4509, bf1_x0_im=    0, bf1_x1_re=11875, bf1_x1_im=    0, bf1_y0_re=    0, bf1_y0_im=    0, bf1_y1_re= 4509, bf1_y1_im=    0
bf1_x0_re= 4467, bf1_x0_im=    0, bf1_x1_re=11917, bf1_x1_im=    0, bf1_y0_re=    0, bf1_y0_im=    0, bf1_y1_re= 4467, bf1_y1_im=    0
bf1_x0_re= 4425, bf1_x0_im=    0, bf1_x1_re=11959, bf1_x1_im=    0, bf1_y0_re=    0, bf1_y0_im=    0, bf1_y1_re= 4425, bf1_y1_im=    0
bf1_x0_re= 4382, bf1_x0_im=    0, bf1_x1_re=12002, bf1_x1_im=    0, bf1_y0_re=    0, bf1_y0_im=    0, bf1_y1_re= 4382, bf1_y1_im=    0
bf1_x0_re= 4340, bf1_x0_im=    0, bf1_x1_re=12044, bf1_x1_im=    0, bf1_y0_re=    0, bf1_y0_im=    0, bf1_y1_re= 4340, bf1_y1_im=    0
bf1_x0_re= 4297, bf1_x0_im=    0, bf1_x1_re=12087, bf1_x1_im=    0, bf1_y0_re=    0, bf1_y0_im=    0, bf1_y1_re= 4297, bf1_y1_im=    0
bf1_x0_re= 4254, bf1_x0_im=    0, bf1_x1_re=12130, bf1_x1_im=    0, bf1_y0_re=    0, bf1_y0_im=    0, bf1_y1_re= 4254, bf1_y1_im=    0
bf1_x0_re= 4211, bf1_x0_im=    0, bf1_x1_re=12173, bf1_x1_im=    0, bf1_y0_re=    0, bf1_y0_im=    0, bf1_y1_re= 4211, bf1_y1_im=    0
bf1_x0_re= 4168, bf1_x0_im=    0, bf1_x1_re=12216, bf1_x1_im=    0, bf1_y0_re=    0, bf1_y0_im=    0, bf1_y1_re= 4168, bf1_y1_im=    0
bf1_x0_re= 4125, bf1_x0_im=    0, bf1_x1_re=12259, bf1_x1_im=    0, bf1_y0_re=    0, bf1_y0_im=    0, bf1_y1_re= 4125, bf1_y1_im=    0
bf1_x0_re= 4081, bf1_x0_im=    0, bf1_x1_re=12303, bf1_x1_im=    0, bf1_y0_re=    0, bf1_y0_im=    0, bf1_y1_re= 4081, bf1_y1_im=    0
bf1_x0_re= 4037, bf1_x0_im=    0, bf1_x1_re=12347, bf1_x1_im=    0, bf1_y0_re=    0, bf1_y0_im=    0, bf1_y1_re= 4037, bf1_y1_im=    0
bf1_x0_re= 3994, bf1_x0_im=    0, bf1_x1_re=12390, bf1_x1_im=    0, bf1_y0_re=    0, bf1_y0_im=    0, bf1_y1_re= 3994, bf1_y1_im=    0
bf1_x0_re= 3950, bf1_x0_im=    0, bf1_x1_re=12434, bf1_x1_im=    0, bf1_y0_re=    0, bf1_y0_im=    0, bf1_y1_re= 3950, bf1_y1_im=    0
bf1_x0_re= 3906, bf1_x0_im=    0, bf1_x1_re=12478, bf1_x1_im=    0, bf1_y0_re=    0, bf1_y0_im=    0, bf1_y1_re= 3906, bf1_y1_im=    0
bf1_x0_re= 3861, bf1_x0_im=    0, bf1_x1_re=12523, bf1_x1_im=    0, bf1_y0_re=    0, bf1_y0_im=    0, bf1_y1_re= 3861, bf1_y1_im=    0
bf1_x0_re= 3817, bf1_x0_im=    0, bf1_x1_re=12567, bf1_x1_im=    0, bf1_y0_re=    0, bf1_y0_im=    0, bf1_y1_re= 3817, bf1_y1_im=    0
bf1_x0_re= 3772, bf1_x0_im=    0, bf1_x1_re=12612, bf1_x1_im=    0, bf1_y0_re=    0, bf1_y0_im=    0, bf1_y1_re= 3772, bf1_y1_im=    0
bf1_x0_re= 3728, bf1_x0_im=    0, bf1_x1_re=12656, bf1_x1_im=    0, bf1_y0_re=    0, bf1_y0_im=    0, bf1_y1_re= 3728, bf1_y1_im=    0
bf1_x0_re= 3683, bf1_x0_im=    0, bf1_x1_re=12701, bf1_x1_im=    0, bf1_y0_re=    0, bf1_y0_im=    0, bf1_y1_re= 3683, bf1_y1_im=    0
bf1_x0_re= 3638, bf1_x0_im=    0, bf1_x1_re=12746, bf1_x1_im=    0, bf1_y0_re=    0, bf1_y0_im=    0, bf1_y1_re= 3638, bf1_y1_im=    0
bf1_x0_re= 3593, bf1_x0_im=    0, bf1_x1_re=12791, bf1_x1_im=    0, bf1_y0_re=    0, bf1_y0_im=    0, bf1_y1_re= 3593, bf1_y1_im=    0
bf1_x0_re= 3548, bf1_x0_im=    0, bf1_x1_re=12836, bf1_x1_im=    0, bf1_y0_re=    0, bf1_y0_im=    0, bf1_y1_re= 3548, bf1_y1_im=    0
bf1_x0_re= 3502, bf1_x0_im=    0, bf1_x1_re=12882, bf1_x1_im=    0, bf1_y0_re=    0, bf1_y0_im=    0, bf1_y1_re= 3502, bf1_y1_im=    0
bf1_x0_re= 3457, bf1_x0_im=    0, bf1_x1_re=12927, bf1_x1_im=    0, bf1_y0_re=    0, bf1_y0_im=    0, bf1_y1_re= 3457, bf1_y1_im=    0
bf1_x0_re= 3411, bf1_x0_im=    0, bf1_x1_re=12973, bf1_x1_im=    0, bf1_y0_re=    0, bf1_y0_im=    0, bf1_y1_re= 3411, bf1_y1_im=    0
bf1_x0_re= 3365, bf1_x0_im=    0, bf1_x1_re=13019, bf1_x1_im=    0, bf1_y0_re=    0, bf1_y0_im=    0, bf1_y1_re= 3365, bf1_y1_im=    0
bf1_x0_re= 3319, bf1_x0_im=    0, bf1_x1_re=13065, bf1_x1_im=    0, bf1_y0_re=    0, bf1_y0_im=    0, bf1_y1_re= 3319, bf1_y1_im=    0
bf1_x0_re= 3273, bf1_x0_im=    0, bf1_x1_re=13111, bf1_x1_im=    0, bf1_y0_re=    0, bf1_y0_im=    0, bf1_y1_re= 3273, bf1_y1_im=    0
bf1_x0_re= 3227, bf1_x0_im=    0, bf1_x1_re=13157, bf1_x1_im=    0, bf1_y0_re=    0, bf1_y0_im=    0, bf1_y1_re= 3227, bf1_y1_im=    0
bf1_x0_re= 3181, bf1_x0_im=    0, bf1_x1_re=13203, bf1_x1_im=    0, bf1_y0_re=    0, bf1_y0_im=    0, bf1_y1_re= 3181, bf1_y1_im=    0
bf1_x0_re= 3135, bf1_x0_im=    0, bf1_x1_re=13249, bf1_x1_im=    0, bf1_y0_re=    0, bf1_y0_im=    0, bf1_y1_re= 3135, bf1_y1_im=    0
bf1_x0_re= 3088, bf1_x0_im=    0, bf1_x1_re=13296, bf1_x1_im=    0, bf1_y0_re=    0, bf1_y0_im=    0, bf1_y1_re= 3088, bf1_y1_im=    0
bf1_x0_re= 3042, bf1_x0_im=    0, bf1_x1_re=13342, bf1_x1_im=    0, bf1_y0_re=    0, bf1_y0_im=    0, bf1_y1_re= 3042, bf1_y1_im=    0
bf1_x0_re= 2995, bf1_x0_im=    0, bf1_x1_re=13389, bf1_x1_im=    0, bf1_y0_re=    0, bf1_y0_im=    0, bf1_y1_re= 2995, bf1_y1_im=    0
bf1_x0_re= 2948, bf1_x0_im=    0, bf1_x1_re=13436, bf1_x1_im=    0, bf1_y0_re=    0, bf1_y0_im=    0, bf1_y1_re= 2948, bf1_y1_im=    0
bf1_x0_re= 2901, bf1_x0_im=    0, bf1_x1_re=13483, bf1_x1_im=    0, bf1_y0_re=    0, bf1_y0_im=    0, bf1_y1_re= 2901, bf1_y1_im=    0
bf1_x0_re= 2854, bf1_x0_im=    0, bf1_x1_re=13530, bf1_x1_im=    0, bf1_y0_re=    0, bf1_y0_im=    0, bf1_y1_re= 2854, bf1_y1_im=    0
bf1_x0_re= 2807, bf1_x0_im=    0, bf1_x1_re=13577, bf1_x1_im=    0, bf1_y0_re=    0, bf1_y0_im=    0, bf1_y1_re= 2807, bf1_y1_im=    0
bf1_x0_re= 2760, bf1_x0_im=    0, bf1_x1_re=13624, bf1_x1_im=    0, bf1_y0_re=    0, bf1_y0_im=    0, bf1_y1_re= 2760, bf1_y1_im=    0
bf1_x0_re= 2712, bf1_x0_im=    0, bf1_x1_re=13672, bf1_x1_im=    0, bf1_y0_re=    0, bf1_y0_im=    0, bf1_y1_re= 2712, bf1_y1_im=    0
bf1_x0_re= 2665, bf1_x0_im=    0, bf1_x1_re=13719, bf1_x1_im=    0, bf1_y0_re=    0, bf1_y0_im=    0, bf1_y1_re= 2665, bf1_y1_im=    0
bf1_x0_re= 2617, bf1_x0_im=    0, bf1_x1_re=13767, bf1_x1_im=    0, bf1_y0_re=    0, bf1_y0_im=    0, bf1_y1_re= 2617, bf1_y1_im=    0
bf1_x0_re= 2569, bf1_x0_im=    0, bf1_x1_re=13815, bf1_x1_im=    0, bf1_y0_re=    0, bf1_y0_im=    0, bf1_y1_re= 2569, bf1_y1_im=    0
bf1_x0_re= 2522, bf1_x0_im=    0, bf1_x1_re=13862, bf1_x1_im=    0, bf1_y0_re=    0, bf1_y0_im=    0, bf1_y1_re= 2522, bf1_y1_im=    0
bf1_x0_re= 2474, bf1_x0_im=    0, bf1_x1_re=13910, bf1_x1_im=    0, bf1_y0_re=    0, bf1_y0_im=    0, bf1_y1_re= 2474, bf1_y1_im=    0
bf1_x0_re= 2426, bf1_x0_im=    0, bf1_x1_re=13958, bf1_x1_im=    0, bf1_y0_re=    0, bf1_y0_im=    0, bf1_y1_re= 2426, bf1_y1_im=    0
bf1_x0_re= 2378, bf1_x0_im=    0, bf1_x1_re=14006, bf1_x1_im=    0, bf1_y0_re=    0, bf1_y0_im=    0, bf1_y1_re= 2378, bf1_y1_im=    0
bf1_x0_re= 2330, bf1_x0_im=    0, bf1_x1_re=14054, bf1_x1_im=    0, bf1_y0_re=    0, bf1_y0_im=    0, bf1_y1_re= 2330, bf1_y1_im=    0
bf1_x0_re= 2281, bf1_x0_im=    0, bf1_x1_re=14103, bf1_x1_im=    0, bf1_y0_re=    0, bf1_y0_im=    0, bf1_y1_re= 2281, bf1_y1_im=    0
bf1_x0_re= 2233, bf1_x0_im=    0, bf1_x1_re=14151, bf1_x1_im=    0, bf1_y0_re=    0, bf1_y0_im=    0, bf1_y1_re= 2233, bf1_y1_im=    0
bf1_x0_re= 2185, bf1_x0_im=    0, bf1_x1_re=14199, bf1_x1_im=    0, bf1_y0_re=    0, bf1_y0_im=    0, bf1_y1_re= 2185, bf1_y1_im=    0
bf1_x0_re= 2136, bf1_x0_im=    0, bf1_x1_re=14248, bf1_x1_im=    0, bf1_y0_re=    0, bf1_y0_im=    0, bf1_y1_re= 2136, bf1_y1_im=    0
bf1_x0_re= 2088, bf1_x0_im=    0, bf1_x1_re=14296, bf1_x1_im=    0, bf1_y0_re=    0, bf1_y0_im=    0, bf1_y1_re= 2088, bf1_y1_im=    0
bf1_x0_re= 2039, bf1_x0_im=    0, bf1_x1_re=14345, bf1_x1_im=    0, bf1_y0_re=    0, bf1_y0_im=    0, bf1_y1_re= 2039, bf1_y1_im=    0
bf1_x0_re= 1990, bf1_x0_im=    0, bf1_x1_re=14394, bf1_x1_im=    0, bf1_y0_re=    0, bf1_y0_im=    0, bf1_y1_re= 1990, bf1_y1_im=    0
bf1_x0_re= 1942, bf1_x0_im=    0, bf1_x1_re=14442, bf1_x1_im=    0, bf1_y0_re=    0, bf1_y0_im=    0, bf1_y1_re= 1942, bf1_y1_im=    0
bf1_x0_re= 1893, bf1_x0_im=    0, bf1_x1_re=14491, bf1_x1_im=    0, bf1_y0_re=    0, bf1_y0_im=    0, bf1_y1_re= 1893, bf1_y1_im=    0
bf1_x0_re= 1844, bf1_x0_im=    0, bf1_x1_re=14540, bf1_x1_im=    0, bf1_y0_re=    0, bf1_y0_im=    0, bf1_y1_re= 1844, bf1_y1_im=    0
bf1_x0_re= 1795, bf1_x0_im=    0, bf1_x1_re=14589, bf1_x1_im=    0, bf1_y0_re=    0, bf1_y0_im=    0, bf1_y1_re= 1795, bf1_y1_im=    0
bf1_x0_re= 1746, bf1_x0_im=    0, bf1_x1_re=14638, bf1_x1_im=    0, bf1_y0_re=    0, bf1_y0_im=    0, bf1_y1_re= 1746, bf1_y1_im=    0
bf1_x0_re= 1696, bf1_x0_im=    0, bf1_x1_re=14688, bf1_x1_im=    0, bf1_y0_re=    0, bf1_y0_im=    0, bf1_y1_re= 1696, bf1_y1_im=    0
bf1_x0_re= 1647, bf1_x0_im=    0, bf1_x1_re=14737, bf1_x1_im=    0, bf1_y0_re=    0, bf1_y0_im=    0, bf1_y1_re= 1647, bf1_y1_im=    0
bf1_x0_re= 1598, bf1_x0_im=    0, bf1_x1_re=14786, bf1_x1_im=    0, bf1_y0_re=    0, bf1_y0_im=    0, bf1_y1_re= 1598, bf1_y1_im=    0
bf1_x0_re= 1549, bf1_x0_im=    0, bf1_x1_re=14835, bf1_x1_im=    0, bf1_y0_re=    0, bf1_y0_im=    0, bf1_y1_re= 1549, bf1_y1_im=    0
bf1_x0_re= 1499, bf1_x0_im=    0, bf1_x1_re=14885, bf1_x1_im=    0, bf1_y0_re=    0, bf1_y0_im=    0, bf1_y1_re= 1499, bf1_y1_im=    0
bf1_x0_re= 1450, bf1_x0_im=    0, bf1_x1_re=14934, bf1_x1_im=    0, bf1_y0_re=    0, bf1_y0_im=    0, bf1_y1_re= 1450, bf1_y1_im=    0
bf1_x0_re= 1400, bf1_x0_im=    0, bf1_x1_re=14984, bf1_x1_im=    0, bf1_y0_re=    0, bf1_y0_im=    0, bf1_y1_re= 1400, bf1_y1_im=    0
bf1_x0_re= 1351, bf1_x0_im=    0, bf1_x1_re=15033, bf1_x1_im=    0, bf1_y0_re=    0, bf1_y0_im=    0, bf1_y1_re= 1351, bf1_y1_im=    0
bf1_x0_re= 1301, bf1_x0_im=    0, bf1_x1_re=15083, bf1_x1_im=    0, bf1_y0_re=    0, bf1_y0_im=    0, bf1_y1_re= 1301, bf1_y1_im=    0
bf1_x0_re= 1252, bf1_x0_im=    0, bf1_x1_re=15132, bf1_x1_im=    0, bf1_y0_re=    0, bf1_y0_im=    0, bf1_y1_re= 1252, bf1_y1_im=    0
bf1_x0_re= 1202, bf1_x0_im=    0, bf1_x1_re=15182, bf1_x1_im=    0, bf1_y0_re=    0, bf1_y0_im=    0, bf1_y1_re= 1202, bf1_y1_im=    0
bf1_x0_re= 1152, bf1_x0_im=    0, bf1_x1_re=15232, bf1_x1_im=    0, bf1_y0_re=    0, bf1_y0_im=    0, bf1_y1_re= 1152, bf1_y1_im=    0
bf1_x0_re= 1102, bf1_x0_im=    0, bf1_x1_re=15282, bf1_x1_im=    0, bf1_y0_re=    0, bf1_y0_im=    0, bf1_y1_re= 1102, bf1_y1_im=    0
bf1_x0_re= 1053, bf1_x0_im=    0, bf1_x1_re=15331, bf1_x1_im=    0, bf1_y0_re=    0, bf1_y0_im=    0, bf1_y1_re= 1053, bf1_y1_im=    0
bf1_x0_re= 1003, bf1_x0_im=    0, bf1_x1_re=15381, bf1_x1_im=    0, bf1_y0_re=    0, bf1_y0_im=    0, bf1_y1_re= 1003, bf1_y1_im=    0
bf1_x0_re=  953, bf1_x0_im=    0, bf1_x1_re=15431, bf1_x1_im=    0, bf1_y0_re=    0, bf1_y0_im=    0, bf1_y1_re=  953, bf1_y1_im=    0
bf1_x0_re=  903, bf1_x0_im=    0, bf1_x1_re=15481, bf1_x1_im=    0, bf1_y0_re=    0, bf1_y0_im=    0, bf1_y1_re=  903, bf1_y1_im=    0
bf1_x0_re=  853, bf1_x0_im=    0, bf1_x1_re=15531, bf1_x1_im=    0, bf1_y0_re=    0, bf1_y0_im=    0, bf1_y1_re=  853, bf1_y1_im=    0
bf1_x0_re=  803, bf1_x0_im=    0, bf1_x1_re=15581, bf1_x1_im=    0, bf1_y0_re=    0, bf1_y0_im=    0, bf1_y1_re=  803, bf1_y1_im=    0
bf1_x0_re=  753, bf1_x0_im=    0, bf1_x1_re=15631, bf1_x1_im=    0, bf1_y0_re=    0, bf1_y0_im=    0, bf1_y1_re=  753, bf1_y1_im=    0
bf1_x0_re=  703, bf1_x0_im=    0, bf1_x1_re=15681, bf1_x1_im=    0, bf1_y0_re=    0, bf1_y0_im=    0, bf1_y1_re=  703, bf1_y1_im=    0
bf1_x0_re=  653, bf1_x0_im=    0, bf1_x1_re=15731, bf1_x1_im=    0, bf1_y0_re=    0, bf1_y0_im=    0, bf1_y1_re=  653, bf1_y1_im=    0
bf1_x0_re=  603, bf1_x0_im=    0, bf1_x1_re=15781, bf1_x1_im=    0, bf1_y0_re=    0, bf1_y0_im=    0, bf1_y1_re=  603, bf1_y1_im=    0
bf1_x0_re=  552, bf1_x0_im=    0, bf1_x1_re=15832, bf1_x1_im=    0, bf1_y0_re=    0, bf1_y0_im=    0, bf1_y1_re=  552, bf1_y1_im=    0
bf1_x0_re=  502, bf1_x0_im=    0, bf1_x1_re=15882, bf1_x1_im=    0, bf1_y0_re=    0, bf1_y0_im=    0, bf1_y1_re=  502, bf1_y1_im=    0
bf1_x0_re=  452, bf1_x0_im=    0, bf1_x1_re=15932, bf1_x1_im=    0, bf1_y0_re=    0, bf1_y0_im=    0, bf1_y1_re=  452, bf1_y1_im=    0
bf1_x0_re=  402, bf1_x0_im=    0, bf1_x1_re=15982, bf1_x1_im=    0, bf1_y0_re=    0, bf1_y0_im=    0, bf1_y1_re=  402, bf1_y1_im=    0
bf1_x0_re=  352, bf1_x0_im=    0, bf1_x1_re=16032, bf1_x1_im=    0, bf1_y0_re=    0, bf1_y0_im=    0, bf1_y1_re=  352, bf1_y1_im=    0
bf1_x0_re=  301, bf1_x0_im=    0, bf1_x1_re=16083, bf1_x1_im=    0, bf1_y0_re=    0, bf1_y0_im=    0, bf1_y1_re=  301, bf1_y1_im=    0
bf1_x0_re=  251, bf1_x0_im=    0, bf1_x1_re=16133, bf1_x1_im=    0, bf1_y0_re=    0, bf1_y0_im=    0, bf1_y1_re=  251, bf1_y1_im=    0
bf1_x0_re=  201, bf1_x0_im=    0, bf1_x1_re=16183, bf1_x1_im=    0, bf1_y0_re=    0, bf1_y0_im=    0, bf1_y1_re=  201, bf1_y1_im=    0
bf1_x0_re=  151, bf1_x0_im=    0, bf1_x1_re=16233, bf1_x1_im=    0, bf1_y0_re=    0, bf1_y0_im=    0, bf1_y1_re=  151, bf1_y1_im=    0
bf1_x0_re=  101, bf1_x0_im=    0, bf1_x1_re=16283, bf1_x1_im=    0, bf1_y0_re=    0, bf1_y0_im=    0, bf1_y1_re=  101, bf1_y1_im=    0
bf1_x0_re=   50, bf1_x0_im=    0, bf1_x1_re=16334, bf1_x1_im=    0, bf1_y0_re=    0, bf1_y0_im=    0, bf1_y1_re=   50, bf1_y1_im=    0
bf1_x0_re=    0, bf1_x0_im=    0, bf1_x1_re=    0, bf1_x1_im=    0, bf1_y0_re=    0, bf1_y0_im=    0, bf1_y1_re=    0, bf1_y1_im=    0
bf1_x0_re=16334, bf1_x0_im=    0, bf1_x1_re=   50, bf1_x1_im=    0, bf1_y0_re=    0, bf1_y0_im=    0, bf1_y1_re=16334, bf1_y1_im=    0
bf1_x0_re=16283, bf1_x0_im=    0, bf1_x1_re=  101, bf1_x1_im=    0, bf1_y0_re=    0, bf1_y0_im=    0, bf1_y1_re=16283, bf1_y1_im=    0
bf1_x0_re=16233, bf1_x0_im=    0, bf1_x1_re=  151, bf1_x1_im=    0, bf1_y0_re=    0, bf1_y0_im=    0, bf1_y1_re=16233, bf1_y1_im=    0
bf1_x0_re=16183, bf1_x0_im=    0, bf1_x1_re=  201, bf1_x1_im=    0, bf1_y0_re=    0, bf1_y0_im=    0, bf1_y1_re=16183, bf1_y1_im=    0
bf1_x0_re=16133, bf1_x0_im=    0, bf1_x1_re=  251, bf1_x1_im=    0, bf1_y0_re=    0, bf1_y0_im=    0, bf1_y1_re=16133, bf1_y1_im=    0
bf1_x0_re=16083, bf1_x0_im=    0, bf1_x1_re=  301, bf1_x1_im=    0, bf1_y0_re=    0, bf1_y0_im=    0, bf1_y1_re=16083, bf1_y1_im=    0
bf1_x0_re=16032, bf1_x0_im=    0, bf1_x1_re=  352, bf1_x1_im=    0, bf1_y0_re=    0, bf1_y0_im=    0, bf1_y1_re=16032, bf1_y1_im=    0
bf1_x0_re=15982, bf1_x0_im=    0, bf1_x1_re=  402, bf1_x1_im=    0, bf1_y0_re=    0, bf1_y0_im=    0, bf1_y1_re=15982, bf1_y1_im=    0
bf1_x0_re=15932, bf1_x0_im=    0, bf1_x1_re=  452, bf1_x1_im=    0, bf1_y0_re=    0, bf1_y0_im=    0, bf1_y1_re=15932, bf1_y1_im=    0
bf1_x0_re=15882, bf1_x0_im=    0, bf1_x1_re=  502, bf1_x1_im=    0, bf1_y0_re=    0, bf1_y0_im=    0, bf1_y1_re=15882, bf1_y1_im=    0
bf1_x0_re=15832, bf1_x0_im=    0, bf1_x1_re=  552, bf1_x1_im=    0, bf1_y0_re=    0, bf1_y0_im=    0, bf1_y1_re=15832, bf1_y1_im=    0
bf1_x0_re=15781, bf1_x0_im=    0, bf1_x1_re=  603, bf1_x1_im=    0, bf1_y0_re=    0, bf1_y0_im=    0, bf1_y1_re=15781, bf1_y1_im=    0
bf1_x0_re=15731, bf1_x0_im=    0, bf1_x1_re=  653, bf1_x1_im=    0, bf1_y0_re=    0, bf1_y0_im=    0, bf1_y1_re=15731, bf1_y1_im=    0
bf1_x0_re=15681, bf1_x0_im=    0, bf1_x1_re=  703, bf1_x1_im=    0, bf1_y0_re=    0, bf1_y0_im=    0, bf1_y1_re=15681, bf1_y1_im=    0
bf1_x0_re=15631, bf1_x0_im=    0, bf1_x1_re=  753, bf1_x1_im=    0, bf1_y0_re=    0, bf1_y0_im=    0, bf1_y1_re=15631, bf1_y1_im=    0
bf1_x0_re=15581, bf1_x0_im=    0, bf1_x1_re=  803, bf1_x1_im=    0, bf1_y0_re=    0, bf1_y0_im=    0, bf1_y1_re=15581, bf1_y1_im=    0
bf1_x0_re=15531, bf1_x0_im=    0, bf1_x1_re=  853, bf1_x1_im=    0, bf1_y0_re=    0, bf1_y0_im=    0, bf1_y1_re=15531, bf1_y1_im=    0
bf1_x0_re=15481, bf1_x0_im=    0, bf1_x1_re=  903, bf1_x1_im=    0, bf1_y0_re=    0, bf1_y0_im=    0, bf1_y1_re=15481, bf1_y1_im=    0
bf1_x0_re=15431, bf1_x0_im=    0, bf1_x1_re=  953, bf1_x1_im=    0, bf1_y0_re=    0, bf1_y0_im=    0, bf1_y1_re=15431, bf1_y1_im=    0
bf1_x0_re=15381, bf1_x0_im=    0, bf1_x1_re= 1003, bf1_x1_im=    0, bf1_y0_re=    0, bf1_y0_im=    0, bf1_y1_re=15381, bf1_y1_im=    0
bf1_x0_re=15331, bf1_x0_im=    0, bf1_x1_re= 1053, bf1_x1_im=    0, bf1_y0_re=    0, bf1_y0_im=    0, bf1_y1_re=15331, bf1_y1_im=    0
bf1_x0_re=15282, bf1_x0_im=    0, bf1_x1_re= 1102, bf1_x1_im=    0, bf1_y0_re=    0, bf1_y0_im=    0, bf1_y1_re=15282, bf1_y1_im=    0
bf1_x0_re=15232, bf1_x0_im=    0, bf1_x1_re= 1152, bf1_x1_im=    0, bf1_y0_re=    0, bf1_y0_im=    0, bf1_y1_re=15232, bf1_y1_im=    0
bf1_x0_re=15182, bf1_x0_im=    0, bf1_x1_re= 1202, bf1_x1_im=    0, bf1_y0_re=    0, bf1_y0_im=    0, bf1_y1_re=15182, bf1_y1_im=    0
bf1_x0_re=15132, bf1_x0_im=    0, bf1_x1_re= 1252, bf1_x1_im=    0, bf1_y0_re=    0, bf1_y0_im=    0, bf1_y1_re=15132, bf1_y1_im=    0
bf1_x0_re=15083, bf1_x0_im=    0, bf1_x1_re= 1301, bf1_x1_im=    0, bf1_y0_re=    0, bf1_y0_im=    0, bf1_y1_re=15083, bf1_y1_im=    0
bf1_x0_re=15033, bf1_x0_im=    0, bf1_x1_re= 1351, bf1_x1_im=    0, bf1_y0_re=    0, bf1_y0_im=    0, bf1_y1_re=15033, bf1_y1_im=    0
bf1_x0_re=14984, bf1_x0_im=    0, bf1_x1_re= 1400, bf1_x1_im=    0, bf1_y0_re=    0, bf1_y0_im=    0, bf1_y1_re=14984, bf1_y1_im=    0
bf1_x0_re=14934, bf1_x0_im=    0, bf1_x1_re= 1450, bf1_x1_im=    0, bf1_y0_re=    0, bf1_y0_im=    0, bf1_y1_re=14934, bf1_y1_im=    0
bf1_x0_re=14885, bf1_x0_im=    0, bf1_x1_re= 1499, bf1_x1_im=    0, bf1_y0_re=    0, bf1_y0_im=    0, bf1_y1_re=14885, bf1_y1_im=    0
bf1_x0_re=14835, bf1_x0_im=    0, bf1_x1_re= 1549, bf1_x1_im=    0, bf1_y0_re=    0, bf1_y0_im=    0, bf1_y1_re=14835, bf1_y1_im=    0
bf1_x0_re=14786, bf1_x0_im=    0, bf1_x1_re= 1598, bf1_x1_im=    0, bf1_y0_re=    0, bf1_y0_im=    0, bf1_y1_re=14786, bf1_y1_im=    0
bf1_x0_re=14737, bf1_x0_im=    0, bf1_x1_re= 1647, bf1_x1_im=    0, bf1_y0_re=    0, bf1_y0_im=    0, bf1_y1_re=14737, bf1_y1_im=    0
bf1_x0_re=14688, bf1_x0_im=    0, bf1_x1_re= 1696, bf1_x1_im=    0, bf1_y0_re=    0, bf1_y0_im=    0, bf1_y1_re=14688, bf1_y1_im=    0
bf1_x0_re=14638, bf1_x0_im=    0, bf1_x1_re= 1746, bf1_x1_im=    0, bf1_y0_re=    0, bf1_y0_im=    0, bf1_y1_re=14638, bf1_y1_im=    0
bf1_x0_re=14589, bf1_x0_im=    0, bf1_x1_re= 1795, bf1_x1_im=    0, bf1_y0_re=    0, bf1_y0_im=    0, bf1_y1_re=14589, bf1_y1_im=    0
bf1_x0_re=14540, bf1_x0_im=    0, bf1_x1_re= 1844, bf1_x1_im=    0, bf1_y0_re=    0, bf1_y0_im=    0, bf1_y1_re=14540, bf1_y1_im=    0
bf1_x0_re=14491, bf1_x0_im=    0, bf1_x1_re= 1893, bf1_x1_im=    0, bf1_y0_re=    0, bf1_y0_im=    0, bf1_y1_re=14491, bf1_y1_im=    0
bf1_x0_re=14442, bf1_x0_im=    0, bf1_x1_re= 1942, bf1_x1_im=    0, bf1_y0_re=    0, bf1_y0_im=    0, bf1_y1_re=14442, bf1_y1_im=    0
bf1_x0_re=14394, bf1_x0_im=    0, bf1_x1_re= 1990, bf1_x1_im=    0, bf1_y0_re=    0, bf1_y0_im=    0, bf1_y1_re=14394, bf1_y1_im=    0
bf1_x0_re=14345, bf1_x0_im=    0, bf1_x1_re= 2039, bf1_x1_im=    0, bf1_y0_re=    0, bf1_y0_im=    0, bf1_y1_re=14345, bf1_y1_im=    0
bf1_x0_re=14296, bf1_x0_im=    0, bf1_x1_re= 2088, bf1_x1_im=    0, bf1_y0_re=    0, bf1_y0_im=    0, bf1_y1_re=14296, bf1_y1_im=    0
bf1_x0_re=14248, bf1_x0_im=    0, bf1_x1_re= 2136, bf1_x1_im=    0, bf1_y0_re=    0, bf1_y0_im=    0, bf1_y1_re=14248, bf1_y1_im=    0
bf1_x0_re=14199, bf1_x0_im=    0, bf1_x1_re= 2185, bf1_x1_im=    0, bf1_y0_re=    0, bf1_y0_im=    0, bf1_y1_re=14199, bf1_y1_im=    0
bf1_x0_re=14151, bf1_x0_im=    0, bf1_x1_re= 2233, bf1_x1_im=    0, bf1_y0_re=    0, bf1_y0_im=    0, bf1_y1_re=14151, bf1_y1_im=    0
bf1_x0_re=14103, bf1_x0_im=    0, bf1_x1_re= 2281, bf1_x1_im=    0, bf1_y0_re=    0, bf1_y0_im=    0, bf1_y1_re=14103, bf1_y1_im=    0
bf1_x0_re=14054, bf1_x0_im=    0, bf1_x1_re= 2330, bf1_x1_im=    0, bf1_y0_re=    0, bf1_y0_im=    0, bf1_y1_re=14054, bf1_y1_im=    0
bf1_x0_re=14006, bf1_x0_im=    0, bf1_x1_re= 2378, bf1_x1_im=    0, bf1_y0_re=    0, bf1_y0_im=    0, bf1_y1_re=14006, bf1_y1_im=    0
bf1_x0_re=13958, bf1_x0_im=    0, bf1_x1_re= 2426, bf1_x1_im=    0, bf1_y0_re=    0, bf1_y0_im=    0, bf1_y1_re=13958, bf1_y1_im=    0
bf1_x0_re=13910, bf1_x0_im=    0, bf1_x1_re= 2474, bf1_x1_im=    0, bf1_y0_re=    0, bf1_y0_im=    0, bf1_y1_re=13910, bf1_y1_im=    0
bf1_x0_re=13862, bf1_x0_im=    0, bf1_x1_re= 2522, bf1_x1_im=    0, bf1_y0_re=    0, bf1_y0_im=    0, bf1_y1_re=13862, bf1_y1_im=    0
bf1_x0_re=13815, bf1_x0_im=    0, bf1_x1_re= 2569, bf1_x1_im=    0, bf1_y0_re=    0, bf1_y0_im=    0, bf1_y1_re=13815, bf1_y1_im=    0
bf1_x0_re=13767, bf1_x0_im=    0, bf1_x1_re= 2617, bf1_x1_im=    0, bf1_y0_re=    0, bf1_y0_im=    0, bf1_y1_re=13767, bf1_y1_im=    0
bf1_x0_re=13719, bf1_x0_im=    0, bf1_x1_re= 2665, bf1_x1_im=    0, bf1_y0_re=    0, bf1_y0_im=    0, bf1_y1_re=13719, bf1_y1_im=    0
bf1_x0_re=13672, bf1_x0_im=    0, bf1_x1_re= 2712, bf1_x1_im=    0, bf1_y0_re=    0, bf1_y0_im=    0, bf1_y1_re=13672, bf1_y1_im=    0
bf1_x0_re=13624, bf1_x0_im=    0, bf1_x1_re= 2760, bf1_x1_im=    0, bf1_y0_re=    0, bf1_y0_im=    0, bf1_y1_re=13624, bf1_y1_im=    0
bf1_x0_re=13577, bf1_x0_im=    0, bf1_x1_re= 2807, bf1_x1_im=    0, bf1_y0_re=    0, bf1_y0_im=    0, bf1_y1_re=13577, bf1_y1_im=    0
bf1_x0_re=13530, bf1_x0_im=    0, bf1_x1_re= 2854, bf1_x1_im=    0, bf1_y0_re=    0, bf1_y0_im=    0, bf1_y1_re=13530, bf1_y1_im=    0
bf1_x0_re=13483, bf1_x0_im=    0, bf1_x1_re= 2901, bf1_x1_im=    0, bf1_y0_re=    0, bf1_y0_im=    0, bf1_y1_re=13483, bf1_y1_im=    0
bf1_x0_re=13436, bf1_x0_im=    0, bf1_x1_re= 2948, bf1_x1_im=    0, bf1_y0_re=    0, bf1_y0_im=    0, bf1_y1_re=13436, bf1_y1_im=    0
bf1_x0_re=13389, bf1_x0_im=    0, bf1_x1_re= 2995, bf1_x1_im=    0, bf1_y0_re=    0, bf1_y0_im=    0, bf1_y1_re=13389, bf1_y1_im=    0
bf1_x0_re=13342, bf1_x0_im=    0, bf1_x1_re= 3042, bf1_x1_im=    0, bf1_y0_re=    0, bf1_y0_im=    0, bf1_y1_re=13342, bf1_y1_im=    0
bf1_x0_re=13296, bf1_x0_im=    0, bf1_x1_re= 3088, bf1_x1_im=    0, bf1_y0_re=    0, bf1_y0_im=    0, bf1_y1_re=13296, bf1_y1_im=    0
bf1_x0_re=13249, bf1_x0_im=    0, bf1_x1_re= 3135, bf1_x1_im=    0, bf1_y0_re=    0, bf1_y0_im=    0, bf1_y1_re=13249, bf1_y1_im=    0
bf1_x0_re=13203, bf1_x0_im=    0, bf1_x1_re= 3181, bf1_x1_im=    0, bf1_y0_re=    0, bf1_y0_im=    0, bf1_y1_re=13203, bf1_y1_im=    0
bf1_x0_re=13157, bf1_x0_im=    0, bf1_x1_re= 3227, bf1_x1_im=    0, bf1_y0_re=    0, bf1_y0_im=    0, bf1_y1_re=13157, bf1_y1_im=    0
bf1_x0_re=13111, bf1_x0_im=    0, bf1_x1_re= 3273, bf1_x1_im=    0, bf1_y0_re=    0, bf1_y0_im=    0, bf1_y1_re=13111, bf1_y1_im=    0
bf1_x0_re=13065, bf1_x0_im=    0, bf1_x1_re= 3319, bf1_x1_im=    0, bf1_y0_re=    0, bf1_y0_im=    0, bf1_y1_re=13065, bf1_y1_im=    0
bf1_x0_re=13019, bf1_x0_im=    0, bf1_x1_re= 3365, bf1_x1_im=    0, bf1_y0_re=    0, bf1_y0_im=    0, bf1_y1_re=13019, bf1_y1_im=    0
bf1_x0_re=12973, bf1_x0_im=    0, bf1_x1_re= 3411, bf1_x1_im=    0, bf1_y0_re=    0, bf1_y0_im=    0, bf1_y1_re=12973, bf1_y1_im=    0
bf1_x0_re=12927, bf1_x0_im=    0, bf1_x1_re= 3457, bf1_x1_im=    0, bf1_y0_re=    0, bf1_y0_im=    0, bf1_y1_re=12927, bf1_y1_im=    0
bf1_x0_re=12882, bf1_x0_im=    0, bf1_x1_re= 3502, bf1_x1_im=    0, bf1_y0_re=    0, bf1_y0_im=    0, bf1_y1_re=12882, bf1_y1_im=    0
bf1_x0_re=12836, bf1_x0_im=    0, bf1_x1_re= 3548, bf1_x1_im=    0, bf1_y0_re=    0, bf1_y0_im=    0, bf1_y1_re=12836, bf1_y1_im=    0
bf1_x0_re=12791, bf1_x0_im=    0, bf1_x1_re= 3593, bf1_x1_im=    0, bf1_y0_re=    0, bf1_y0_im=    0, bf1_y1_re=12791, bf1_y1_im=    0
bf1_x0_re=12746, bf1_x0_im=    0, bf1_x1_re= 3638, bf1_x1_im=    0, bf1_y0_re=    0, bf1_y0_im=    0, bf1_y1_re=12746, bf1_y1_im=    0
bf1_x0_re=12701, bf1_x0_im=    0, bf1_x1_re= 3683, bf1_x1_im=    0, bf1_y0_re=    0, bf1_y0_im=    0, bf1_y1_re=12701, bf1_y1_im=    0
bf1_x0_re=12656, bf1_x0_im=    0, bf1_x1_re= 3728, bf1_x1_im=    0, bf1_y0_re=    0, bf1_y0_im=    0, bf1_y1_re=12656, bf1_y1_im=    0
bf1_x0_re=12612, bf1_x0_im=    0, bf1_x1_re= 3772, bf1_x1_im=    0, bf1_y0_re=    0, bf1_y0_im=    0, bf1_y1_re=12612, bf1_y1_im=    0
bf1_x0_re=12567, bf1_x0_im=    0, bf1_x1_re= 3817, bf1_x1_im=    0, bf1_y0_re=    0, bf1_y0_im=    0, bf1_y1_re=12567, bf1_y1_im=    0
bf1_x0_re=12523, bf1_x0_im=    0, bf1_x1_re= 3861, bf1_x1_im=    0, bf1_y0_re=    0, bf1_y0_im=    0, bf1_y1_re=12523, bf1_y1_im=    0
bf1_x0_re=12478, bf1_x0_im=    0, bf1_x1_re= 3906, bf1_x1_im=    0, bf1_y0_re=    0, bf1_y0_im=    0, bf1_y1_re=12478, bf1_y1_im=    0
bf1_x0_re=12434, bf1_x0_im=    0, bf1_x1_re= 3950, bf1_x1_im=    0, bf1_y0_re=    0, bf1_y0_im=    0, bf1_y1_re=12434, bf1_y1_im=    0
bf1_x0_re=12390, bf1_x0_im=    0, bf1_x1_re= 3994, bf1_x1_im=    0, bf1_y0_re=    0, bf1_y0_im=    0, bf1_y1_re=12390, bf1_y1_im=    0
bf1_x0_re=12347, bf1_x0_im=    0, bf1_x1_re= 4037, bf1_x1_im=    0, bf1_y0_re=    0, bf1_y0_im=    0, bf1_y1_re=12347, bf1_y1_im=    0
bf1_x0_re=12303, bf1_x0_im=    0, bf1_x1_re= 4081, bf1_x1_im=    0, bf1_y0_re=    0, bf1_y0_im=    0, bf1_y1_re=12303, bf1_y1_im=    0
bf1_x0_re=12259, bf1_x0_im=    0, bf1_x1_re= 4125, bf1_x1_im=    0, bf1_y0_re=    0, bf1_y0_im=    0, bf1_y1_re=12259, bf1_y1_im=    0
bf1_x0_re=12216, bf1_x0_im=    0, bf1_x1_re= 4168, bf1_x1_im=    0, bf1_y0_re=    0, bf1_y0_im=    0, bf1_y1_re=12216, bf1_y1_im=    0
bf1_x0_re=12173, bf1_x0_im=    0, bf1_x1_re= 4211, bf1_x1_im=    0, bf1_y0_re=    0, bf1_y0_im=    0, bf1_y1_re=12173, bf1_y1_im=    0
bf1_x0_re=12130, bf1_x0_im=    0, bf1_x1_re= 4254, bf1_x1_im=    0, bf1_y0_re=    0, bf1_y0_im=    0, bf1_y1_re=12130, bf1_y1_im=    0
bf1_x0_re=12087, bf1_x0_im=    0, bf1_x1_re= 4297, bf1_x1_im=    0, bf1_y0_re=    0, bf1_y0_im=    0, bf1_y1_re=12087, bf1_y1_im=    0
bf1_x0_re=12044, bf1_x0_im=    0, bf1_x1_re= 4340, bf1_x1_im=    0, bf1_y0_re=    0, bf1_y0_im=    0, bf1_y1_re=12044, bf1_y1_im=    0
bf1_x0_re=12002, bf1_x0_im=    0, bf1_x1_re= 4382, bf1_x1_im=    0, bf1_y0_re=    0, bf1_y0_im=    0, bf1_y1_re=12002, bf1_y1_im=    0
bf1_x0_re=11959, bf1_x0_im=    0, bf1_x1_re= 4425, bf1_x1_im=    0, bf1_y0_re=    0, bf1_y0_im=    0, bf1_y1_re=11959, bf1_y1_im=    0
bf1_x0_re=11917, bf1_x0_im=    0, bf1_x1_re= 4467, bf1_x1_im=    0, bf1_y0_re=    0, bf1_y0_im=    0, bf1_y1_re=11917, bf1_y1_im=    0
bf1_x0_re=11875, bf1_x0_im=    0, bf1_x1_re= 4509, bf1_x1_im=    0, bf1_y0_re=    0, bf1_y0_im=    0, bf1_y1_re=11875, bf1_y1_im=    0
bf1_x0_re=11833, bf1_x0_im=    0, bf1_x1_re= 4551, bf1_x1_im=    0, bf1_y0_re=    0, bf1_y0_im=    0, bf1_y1_re=11833, bf1_y1_im=    0
bf1_x0_re=11792, bf1_x0_im=    0, bf1_x1_re= 4592, bf1_x1_im=    0, bf1_y0_re=    0, bf1_y0_im=    0, bf1_y1_re=11792, bf1_y1_im=    0
bf1_x0_re=11750, bf1_x0_im=    0, bf1_x1_re= 4634, bf1_x1_im=    0, bf1_y0_re=    0, bf1_y0_im=    0, bf1_y1_re=11750, bf1_y1_im=    0
bf1_x0_re=11709, bf1_x0_im=    0, bf1_x1_re= 4675, bf1_x1_im=    0, bf1_y0_re=    0, bf1_y0_im=    0, bf1_y1_re=11709, bf1_y1_im=    0
bf1_x0_re=11667, bf1_x0_im=    0, bf1_x1_re= 4717, bf1_x1_im=    0, bf1_y0_re=    0, bf1_y0_im=    0, bf1_y1_re=11667, bf1_y1_im=    0
bf1_x0_re=11626, bf1_x0_im=    0, bf1_x1_re= 4758, bf1_x1_im=    0, bf1_y0_re=    0, bf1_y0_im=    0, bf1_y1_re=11626, bf1_y1_im=    0
bf1_x0_re=11586, bf1_x0_im=    0, bf1_x1_re= 4798, bf1_x1_im=    0, bf1_y0_re=    0, bf1_y0_im=    0, bf1_y1_re=11586, bf1_y1_im=    0
bf1_x0_re=11545, bf1_x0_im=    0, bf1_x1_re= 4839, bf1_x1_im=    0, bf1_y0_re=    0, bf1_y0_im=    0, bf1_y1_re=11545, bf1_y1_im=    0
bf1_x0_re=11505, bf1_x0_im=    0, bf1_x1_re= 4879, bf1_x1_im=    0, bf1_y0_re=    0, bf1_y0_im=    0, bf1_y1_re=11505, bf1_y1_im=    0
bf1_x0_re=11464, bf1_x0_im=    0, bf1_x1_re= 4920, bf1_x1_im=    0, bf1_y0_re=    0, bf1_y0_im=    0, bf1_y1_re=11464, bf1_y1_im=    0
bf1_x0_re=11424, bf1_x0_im=    0, bf1_x1_re= 4960, bf1_x1_im=    0, bf1_y0_re=    0, bf1_y0_im=    0, bf1_y1_re=11424, bf1_y1_im=    0
bf1_x0_re=11384, bf1_x0_im=    0, bf1_x1_re= 5000, bf1_x1_im=    0, bf1_y0_re=    0, bf1_y0_im=    0, bf1_y1_re=11384, bf1_y1_im=    0
bf1_x0_re=11345, bf1_x0_im=    0, bf1_x1_re= 5039, bf1_x1_im=    0, bf1_y0_re=    0, bf1_y0_im=    0, bf1_y1_re=11345, bf1_y1_im=    0
bf1_x0_re=11305, bf1_x0_im=    0, bf1_x1_re= 5079, bf1_x1_im=    0, bf1_y0_re=    0, bf1_y0_im=    0, bf1_y1_re=11305, bf1_y1_im=    0
bf1_x0_re=11266, bf1_x0_im=    0, bf1_x1_re= 5118, bf1_x1_im=    0, bf1_y0_re=    0, bf1_y0_im=    0, bf1_y1_re=11266, bf1_y1_im=    0
bf1_x0_re=11227, bf1_x0_im=    0, bf1_x1_re= 5157, bf1_x1_im=    0, bf1_y0_re=    0, bf1_y0_im=    0, bf1_y1_re=11227, bf1_y1_im=    0
bf1_x0_re=11188, bf1_x0_im=    0, bf1_x1_re= 5196, bf1_x1_im=    0, bf1_y0_re=    0, bf1_y0_im=    0, bf1_y1_re=11188, bf1_y1_im=    0
bf1_x0_re=11149, bf1_x0_im=    0, bf1_x1_re= 5235, bf1_x1_im=    0, bf1_y0_re=    0, bf1_y0_im=    0, bf1_y1_re=11149, bf1_y1_im=    0
bf1_x0_re=11110, bf1_x0_im=    0, bf1_x1_re= 5274, bf1_x1_im=    0, bf1_y0_re=    0, bf1_y0_im=    0, bf1_y1_re=11110, bf1_y1_im=    0
bf1_x0_re=11072, bf1_x0_im=    0, bf1_x1_re= 5312, bf1_x1_im=    0, bf1_y0_re=    0, bf1_y0_im=    0, bf1_y1_re=11072, bf1_y1_im=    0
bf1_x0_re=11034, bf1_x0_im=    0, bf1_x1_re= 5350, bf1_x1_im=    0, bf1_y0_re=    0, bf1_y0_im=    0, bf1_y1_re=11034, bf1_y1_im=    0
bf1_x0_re=10996, bf1_x0_im=    0, bf1_x1_re= 5388, bf1_x1_im=    0, bf1_y0_re=    0, bf1_y0_im=    0, bf1_y1_re=10996, bf1_y1_im=    0
bf1_x0_re=10958, bf1_x0_im=    0, bf1_x1_re= 5426, bf1_x1_im=    0, bf1_y0_re=    0, bf1_y0_im=    0, bf1_y1_re=10958, bf1_y1_im=    0
bf1_x0_re=10920, bf1_x0_im=    0, bf1_x1_re= 5464, bf1_x1_im=    0, bf1_y0_re=    0, bf1_y0_im=    0, bf1_y1_re=10920, bf1_y1_im=    0
bf1_x0_re=10883, bf1_x0_im=    0, bf1_x1_re= 5501, bf1_x1_im=    0, bf1_y0_re=    0, bf1_y0_im=    0, bf1_y1_re=10883, bf1_y1_im=    0
bf1_x0_re=10846, bf1_x0_im=    0, bf1_x1_re= 5538, bf1_x1_im=    0, bf1_y0_re=    0, bf1_y0_im=    0, bf1_y1_re=10846, bf1_y1_im=    0
bf1_x0_re=10809, bf1_x0_im=    0, bf1_x1_re= 5575, bf1_x1_im=    0, bf1_y0_re=    0, bf1_y0_im=    0, bf1_y1_re=10809, bf1_y1_im=    0
bf1_x0_re=10772, bf1_x0_im=    0, bf1_x1_re= 5612, bf1_x1_im=    0, bf1_y0_re=    0, bf1_y0_im=    0, bf1_y1_re=10772, bf1_y1_im=    0
bf1_x0_re=10736, bf1_x0_im=    0, bf1_x1_re= 5648, bf1_x1_im=    0, bf1_y0_re=    0, bf1_y0_im=    0, bf1_y1_re=10736, bf1_y1_im=    0
bf1_x0_re=10700, bf1_x0_im=    0, bf1_x1_re= 5684, bf1_x1_im=    0, bf1_y0_re=    0, bf1_y0_im=    0, bf1_y1_re=10700, bf1_y1_im=    0
bf1_x0_re=10663, bf1_x0_im=    0, bf1_x1_re= 5721, bf1_x1_im=    0, bf1_y0_re=    0, bf1_y0_im=    0, bf1_y1_re=10663, bf1_y1_im=    0
bf1_x0_re=10628, bf1_x0_im=    0, bf1_x1_re= 5756, bf1_x1_im=    0, bf1_y0_re=    0, bf1_y0_im=    0, bf1_y1_re=10628, bf1_y1_im=    0
bf1_x0_re=10592, bf1_x0_im=    0, bf1_x1_re= 5792, bf1_x1_im=    0, bf1_y0_re=    0, bf1_y0_im=    0, bf1_y1_re=10592, bf1_y1_im=    0
bf1_x0_re=10557, bf1_x0_im=    0, bf1_x1_re= 5827, bf1_x1_im=    0, bf1_y0_re=    0, bf1_y0_im=    0, bf1_y1_re=10557, bf1_y1_im=    0
bf1_x0_re=10521, bf1_x0_im=    0, bf1_x1_re= 5863, bf1_x1_im=    0, bf1_y0_re=    0, bf1_y0_im=    0, bf1_y1_re=10521, bf1_y1_im=    0
bf1_x0_re=10486, bf1_x0_im=    0, bf1_x1_re= 5898, bf1_x1_im=    0, bf1_y0_re=    0, bf1_y0_im=    0, bf1_y1_re=10486, bf1_y1_im=    0
bf1_x0_re=    0, bf1_x0_im=    0, bf1_x1_re=    0, bf1_x1_im=    0, bf1_y0_re=    0, bf1_y0_im=    0, bf1_y1_re=    0, bf1_y1_im=    0
bf1_x0_re=10452, bf1_x0_im=    0, bf1_x1_re= 5932, bf1_x1_im=    0, bf1_y0_re=    0, bf1_y0_im=    0, bf1_y1_re=10452, bf1_y1_im=    0
bf1_x0_re=    0, bf1_x0_im=    0, bf1_x1_re=    0, bf1_x1_im=    0, bf1_y0_re=    0, bf1_y0_im=    0, bf1_y1_re=    0, bf1_y1_im=    0
bf1_x0_re=10417, bf1_x0_im=    0, bf1_x1_re= 5967, bf1_x1_im=    0, bf1_y0_re=    0, bf1_y0_im=    0, bf1_y1_re=10417, bf1_y1_im=    0
bf1_x0_re=    0, bf1_x0_im=    0, bf1_x1_re=    0, bf1_x1_im=    0, bf1_y0_re=    0, bf1_y0_im=    0, bf1_y1_re=    0, bf1_y1_im=    0
bf1_x0_re=10383, bf1_x0_im=    0, bf1_x1_re= 6001, bf1_x1_im=    0, bf1_y0_re=    0, bf1_y0_im=    0, bf1_y1_re=10383, bf1_y1_im=    0
bf1_x0_re=    0, bf1_x0_im=    0, bf1_x1_re=    0, bf1_x1_im=    0, bf1_y0_re=    0, bf1_y0_im=    0, bf1_y1_re=    0, bf1_y1_im=    0
bf1_x0_re=10349, bf1_x0_im=    0, bf1_x1_re= 6035, bf1_x1_im=    0, bf1_y0_re=    0, bf1_y0_im=    0, bf1_y1_re=10349, bf1_y1_im=    0
bf1_x0_re=    0, bf1_x0_im=    0, bf1_x1_re=    0, bf1_x1_im=    0, bf1_y0_re=    0, bf1_y0_im=    0, bf1_y1_re=    0, bf1_y1_im=    0
bf1_x0_re=10315, bf1_x0_im=    0, bf1_x1_re= 6069, bf1_x1_im=    0, bf1_y0_re=    0, bf1_y0_im=    0, bf1_y1_re=10315, bf1_y1_im=    0
bf1_x0_re=    0, bf1_x0_im=    0, bf1_x1_re=    0, bf1_x1_im=    0, bf1_y0_re=    0, bf1_y0_im=    0, bf1_y1_re=    0, bf1_y1_im=    0
bf1_x0_re=10281, bf1_x0_im=    0, bf1_x1_re= 6103, bf1_x1_im=    0, bf1_y0_re=    0, bf1_y0_im=    0, bf1_y1_re=10281, bf1_y1_im=    0
bf1_x0_re=    0, bf1_x0_im=    0, bf1_x1_re=    0, bf1_x1_im=    0, bf1_y0_re=    0, bf1_y0_im=    0, bf1_y1_re=    0, bf1_y1_im=    0
bf1_x0_re=10248, bf1_x0_im=    0, bf1_x1_re= 6136, bf1_x1_im=    0, bf1_y0_re=    0, bf1_y0_im=    0, bf1_y1_re=10248, bf1_y1_im=    0
bf1_x0_re=    0, bf1_x0_im=    0, bf1_x1_re=    0, bf1_x1_im=    0, bf1_y0_re=    0, bf1_y0_im=    0, bf1_y1_re=    0, bf1_y1_im=    0
bf1_x0_re=10215, bf1_x0_im=    0, bf1_x1_re= 6169, bf1_x1_im=    0, bf1_y0_re=    0, bf1_y0_im=    0, bf1_y1_re=10215, bf1_y1_im=    0
bf1_x0_re=    0, bf1_x0_im=    0, bf1_x1_re=    0, bf1_x1_im=    0, bf1_y0_re=    0, bf1_y0_im=    0, bf1_y1_re=    0, bf1_y1_im=    0
bf1_x0_re=10182, bf1_x0_im=    0, bf1_x1_re= 6202, bf1_x1_im=    0, bf1_y0_re=    0, bf1_y0_im=    0, bf1_y1_re=10182, bf1_y1_im=    0
bf1_x0_re=    0, bf1_x0_im=    0, bf1_x1_re=    0, bf1_x1_im=    0, bf1_y0_re=    0, bf1_y0_im=    0, bf1_y1_re=    0, bf1_y1_im=    0
bf1_x0_re=10149, bf1_x0_im=    0, bf1_x1_re= 6235, bf1_x1_im=    0, bf1_y0_re=    0, bf1_y0_im=    0, bf1_y1_re=10149, bf1_y1_im=    0
bf1_x0_re=    0, bf1_x0_im=    0, bf1_x1_re=    0, bf1_x1_im=    0, bf1_y0_re=    0, bf1_y0_im=    0, bf1_y1_re=    0, bf1_y1_im=    0
bf1_x0_re=10116, bf1_x0_im=    0, bf1_x1_re= 6268, bf1_x1_im=    0, bf1_y0_re=    0, bf1_y0_im=    0, bf1_y1_re=10116, bf1_y1_im=    0
bf1_x0_re=    0, bf1_x0_im=    0, bf1_x1_re=    0, bf1_x1_im=    0, bf1_y0_re=    0, bf1_y0_im=    0, bf1_y1_re=    0, bf1_y1_im=    0
bf1_x0_re=10084, bf1_x0_im=    0, bf1_x1_re= 6300, bf1_x1_im=    0, bf1_y0_re=    0, bf1_y0_im=    0, bf1_y1_re=10084, bf1_y1_im=    0
bf1_x0_re=    0, bf1_x0_im=    0, bf1_x1_re=    0, bf1_x1_im=    0, bf1_y0_re=    0, bf1_y0_im=    0, bf1_y1_re=    0, bf1_y1_im=    0
bf1_x0_re=10052, bf1_x0_im=    0, bf1_x1_re= 6332, bf1_x1_im=    0, bf1_y0_re=    0, bf1_y0_im=    0, bf1_y1_re=10052, bf1_y1_im=    0
bf1_x0_re=    0, bf1_x0_im=    0, bf1_x1_re=    0, bf1_x1_im=    0, bf1_y0_re=    0, bf1_y0_im=    0, bf1_y1_re=    0, bf1_y1_im=    0
bf1_x0_re=10020, bf1_x0_im=    0, bf1_x1_re= 6364, bf1_x1_im=    0, bf1_y0_re=    0, bf1_y0_im=    0, bf1_y1_re=10020, bf1_y1_im=    0
bf1_x0_re=    0, bf1_x0_im=    0, bf1_x1_re=    0, bf1_x1_im=    0, bf1_y0_re=    0, bf1_y0_im=    0, bf1_y1_re=    0, bf1_y1_im=    0
bf1_x0_re= 9989, bf1_x0_im=    0, bf1_x1_re= 6395, bf1_x1_im=    0, bf1_y0_re=    0, bf1_y0_im=    0, bf1_y1_re= 9989, bf1_y1_im=    0
bf1_x0_re=    0, bf1_x0_im=    0, bf1_x1_re=    0, bf1_x1_im=    0, bf1_y0_re=    0, bf1_y0_im=    0, bf1_y1_re=    0, bf1_y1_im=    0
bf1_x0_re= 9958, bf1_x0_im=    0, bf1_x1_re= 6426, bf1_x1_im=    0, bf1_y0_re=    0, bf1_y0_im=    0, bf1_y1_re= 9958, bf1_y1_im=    0
bf1_x0_re=    0, bf1_x0_im=    0, bf1_x1_re=    0, bf1_x1_im=    0, bf1_y0_re=    0, bf1_y0_im=    0, bf1_y1_re=    0, bf1_y1_im=    0
bf1_x0_re= 9927, bf1_x0_im=    0, bf1_x1_re= 6457, bf1_x1_im=    0, bf1_y0_re=    0, bf1_y0_im=    0, bf1_y1_re= 9927, bf1_y1_im=    0
bf1_x0_re=    0, bf1_x0_im=    0, bf1_x1_re=    0, bf1_x1_im=    0, bf1_y0_re=    0, bf1_y0_im=    0, bf1_y1_re=    0, bf1_y1_im=    0
bf1_x0_re= 9896, bf1_x0_im=    0, bf1_x1_re= 6488, bf1_x1_im=    0, bf1_y0_re=    0, bf1_y0_im=    0, bf1_y1_re= 9896, bf1_y1_im=    0
bf1_x0_re=    0, bf1_x0_im=    0, bf1_x1_re=    0, bf1_x1_im=    0, bf1_y0_re=    0, bf1_y0_im=    0, bf1_y1_re=    0, bf1_y1_im=    0
bf1_x0_re= 9865, bf1_x0_im=    0, bf1_x1_re= 6519, bf1_x1_im=    0, bf1_y0_re=    0, bf1_y0_im=    0, bf1_y1_re= 9865, bf1_y1_im=    0
bf1_x0_re=    0, bf1_x0_im=    0, bf1_x1_re=    0, bf1_x1_im=    0, bf1_y0_re=    0, bf1_y0_im=    0, bf1_y1_re=    0, bf1_y1_im=    0
bf1_x0_re= 9835, bf1_x0_im=    0, bf1_x1_re= 6549, bf1_x1_im=    0, bf1_y0_re=    0, bf1_y0_im=    0, bf1_y1_re= 9835, bf1_y1_im=    0
bf1_x0_re=    0, bf1_x0_im=    0, bf1_x1_re=    0, bf1_x1_im=    0, bf1_y0_re=    0, bf1_y0_im=    0, bf1_y1_re=    0, bf1_y1_im=    0
bf1_x0_re= 9805, bf1_x0_im=    0, bf1_x1_re= 6579, bf1_x1_im=    0, bf1_y0_re=    0, bf1_y0_im=    0, bf1_y1_re= 9805, bf1_y1_im=    0
bf1_x0_re=    0, bf1_x0_im=    0, bf1_x1_re=    0, bf1_x1_im=    0, bf1_y0_re=    0, bf1_y0_im=    0, bf1_y1_re=    0, bf1_y1_im=    0
bf1_x0_re= 9775, bf1_x0_im=    0, bf1_x1_re= 6609, bf1_x1_im=    0, bf1_y0_re=    0, bf1_y0_im=    0, bf1_y1_re= 9775, bf1_y1_im=    0
bf1_x0_re=    0, bf1_x0_im=    0, bf1_x1_re=    0, bf1_x1_im=    0, bf1_y0_re=    0, bf1_y0_im=    0, bf1_y1_re=    0, bf1_y1_im=    0
bf1_x0_re= 9745, bf1_x0_im=    0, bf1_x1_re= 6639, bf1_x1_im=    0, bf1_y0_re=    0, bf1_y0_im=    0, bf1_y1_re= 9745, bf1_y1_im=    0
bf1_x0_re=    0, bf1_x0_im=    0, bf1_x1_re=    0, bf1_x1_im=    0, bf1_y0_re=    0, bf1_y0_im=    0, bf1_y1_re=    0, bf1_y1_im=    0
bf1_x0_re= 9716, bf1_x0_im=    0, bf1_x1_re= 6668, bf1_x1_im=    0, bf1_y0_re=    0, bf1_y0_im=    0, bf1_y1_re= 9716, bf1_y1_im=    0
bf1_x0_re=    0, bf1_x0_im=    0, bf1_x1_re=    0, bf1_x1_im=    0, bf1_y0_re=    0, bf1_y0_im=    0, bf1_y1_re=    0, bf1_y1_im=    0
bf1_x0_re= 9687, bf1_x0_im=    0, bf1_x1_re= 6697, bf1_x1_im=    0, bf1_y0_re=    0, bf1_y0_im=    0, bf1_y1_re= 9687, bf1_y1_im=    0
bf1_x0_re=    0, bf1_x0_im=    0, bf1_x1_re=    0, bf1_x1_im=    0, bf1_y0_re=    0, bf1_y0_im=    0, bf1_y1_re=    0, bf1_y1_im=    0
bf1_x0_re= 9658, bf1_x0_im=    0, bf1_x1_re= 6726, bf1_x1_im=    0, bf1_y0_re=    0, bf1_y0_im=    0, bf1_y1_re= 9658, bf1_y1_im=    0
bf1_x0_re=    0, bf1_x0_im=    0, bf1_x1_re=    0, bf1_x1_im=    0, bf1_y0_re=    0, bf1_y0_im=    0, bf1_y1_re=    0, bf1_y1_im=    0
bf1_x0_re= 9630, bf1_x0_im=    0, bf1_x1_re= 6754, bf1_x1_im=    0, bf1_y0_re=    0, bf1_y0_im=    0, bf1_y1_re= 9630, bf1_y1_im=    0
bf1_x0_re=    0, bf1_x0_im=    0, bf1_x1_re=    0, bf1_x1_im=    0, bf1_y0_re=    0, bf1_y0_im=    0, bf1_y1_re=    0, bf1_y1_im=    0
bf1_x0_re= 9601, bf1_x0_im=    0, bf1_x1_re= 6783, bf1_x1_im=    0, bf1_y0_re=    0, bf1_y0_im=    0, bf1_y1_re= 9601, bf1_y1_im=    0
bf1_x0_re=    0, bf1_x0_im=    0, bf1_x1_re=    0, bf1_x1_im=    0, bf1_y0_re=    0, bf1_y0_im=    0, bf1_y1_re=    0, bf1_y1_im=    0
bf1_x0_re= 9573, bf1_x0_im=    0, bf1_x1_re= 6811, bf1_x1_im=    0, bf1_y0_re=    0, bf1_y0_im=    0, bf1_y1_re= 9573, bf1_y1_im=    0
bf1_x0_re=    0, bf1_x0_im=    0, bf1_x1_re=    0, bf1_x1_im=    0, bf1_y0_re=    0, bf1_y0_im=    0, bf1_y1_re=    0, bf1_y1_im=    0
bf1_x0_re= 9545, bf1_x0_im=    0, bf1_x1_re= 6839, bf1_x1_im=    0, bf1_y0_re=    0, bf1_y0_im=    0, bf1_y1_re= 9545, bf1_y1_im=    0
bf1_x0_re=    0, bf1_x0_im=    0, bf1_x1_re=    0, bf1_x1_im=    0, bf1_y0_re=    0, bf1_y0_im=    0, bf1_y1_re=    0, bf1_y1_im=    0
bf1_x0_re= 9518, bf1_x0_im=    0, bf1_x1_re= 6866, bf1_x1_im=    0, bf1_y0_re=    0, bf1_y0_im=    0, bf1_y1_re= 9518, bf1_y1_im=    0
bf1_x0_re=    0, bf1_x0_im=    0, bf1_x1_re=    0, bf1_x1_im=    0, bf1_y0_re=    0, bf1_y0_im=    0, bf1_y1_re=    0, bf1_y1_im=    0
bf1_x0_re= 9491, bf1_x0_im=    0, bf1_x1_re= 6893, bf1_x1_im=    0, bf1_y0_re=    0, bf1_y0_im=    0, bf1_y1_re= 9491, bf1_y1_im=    0
bf1_x0_re=    0, bf1_x0_im=    0, bf1_x1_re=    0, bf1_x1_im=    0, bf1_y0_re=    0, bf1_y0_im=    0, bf1_y1_re=    0, bf1_y1_im=    0
bf1_x0_re= 9464, bf1_x0_im=    0, bf1_x1_re= 6920, bf1_x1_im=    0, bf1_y0_re=    0, bf1_y0_im=    0, bf1_y1_re= 9464, bf1_y1_im=    0
bf1_x0_re=    0, bf1_x0_im=    0, bf1_x1_re=    0, bf1_x1_im=    0, bf1_y0_re=    0, bf1_y0_im=    0, bf1_y1_re=    0, bf1_y1_im=    0
bf1_x0_re= 9437, bf1_x0_im=    0, bf1_x1_re= 6947, bf1_x1_im=    0, bf1_y0_re=    0, bf1_y0_im=    0, bf1_y1_re= 9437, bf1_y1_im=    0
bf1_x0_re=    0, bf1_x0_im=    0, bf1_x1_re=    0, bf1_x1_im=    0, bf1_y0_re=    0, bf1_y0_im=    0, bf1_y1_re=    0, bf1_y1_im=    0
bf1_x0_re= 9410, bf1_x0_im=    0, bf1_x1_re= 6974, bf1_x1_im=    0, bf1_y0_re=    0, bf1_y0_im=    0, bf1_y1_re= 9410, bf1_y1_im=    0
bf1_x0_re=    0, bf1_x0_im=    0, bf1_x1_re=    0, bf1_x1_im=    0, bf1_y0_re=    0, bf1_y0_im=    0, bf1_y1_re=    0, bf1_y1_im=    0
bf1_x0_re= 9384, bf1_x0_im=    0, bf1_x1_re= 7000, bf1_x1_im=    0, bf1_y0_re=    0, bf1_y0_im=    0, bf1_y1_re= 9384, bf1_y1_im=    0
bf1_x0_re=    0, bf1_x0_im=    0, bf1_x1_re=    0, bf1_x1_im=    0, bf1_y0_re=    0, bf1_y0_im=    0, bf1_y1_re=    0, bf1_y1_im=    0
bf1_x0_re= 9358, bf1_x0_im=    0, bf1_x1_re= 7026, bf1_x1_im=    0, bf1_y0_re=    0, bf1_y0_im=    0, bf1_y1_re= 9358, bf1_y1_im=    0
bf1_x0_re=    0, bf1_x0_im=    0, bf1_x1_re=    0, bf1_x1_im=    0, bf1_y0_re=    0, bf1_y0_im=    0, bf1_y1_re=    0, bf1_y1_im=    0
bf1_x0_re= 9332, bf1_x0_im=    0, bf1_x1_re= 7052, bf1_x1_im=    0, bf1_y0_re=    0, bf1_y0_im=    0, bf1_y1_re= 9332, bf1_y1_im=    0
bf1_x0_re=    0, bf1_x0_im=    0, bf1_x1_re=    0, bf1_x1_im=    0, bf1_y0_re=    0, bf1_y0_im=    0, bf1_y1_re=    0, bf1_y1_im=    0
bf1_x0_re= 9307, bf1_x0_im=    0, bf1_x1_re= 7077, bf1_x1_im=    0, bf1_y0_re=    0, bf1_y0_im=    0, bf1_y1_re= 9307, bf1_y1_im=    0
bf1_x0_re=    0, bf1_x0_im=    0, bf1_x1_re=    0, bf1_x1_im=    0, bf1_y0_re=    0, bf1_y0_im=    0, bf1_y1_re=    0, bf1_y1_im=    0
bf1_x0_re= 9282, bf1_x0_im=    0, bf1_x1_re= 7102, bf1_x1_im=    0, bf1_y0_re=    0, bf1_y0_im=    0, bf1_y1_re= 9282, bf1_y1_im=    0
bf1_x0_re=    0, bf1_x0_im=    0, bf1_x1_re=    0, bf1_x1_im=    0, bf1_y0_re=    0, bf1_y0_im=    0, bf1_y1_re=    0, bf1_y1_im=    0
bf1_x0_re= 9257, bf1_x0_im=    0, bf1_x1_re= 7127, bf1_x1_im=    0, bf1_y0_re=    0, bf1_y0_im=    0, bf1_y1_re= 9257, bf1_y1_im=    0
bf1_x0_re=    0, bf1_x0_im=    0, bf1_x1_re=    0, bf1_x1_im=    0, bf1_y0_re=    0, bf1_y0_im=    0, bf1_y1_re=    0, bf1_y1_im=    0
bf1_x0_re= 9232, bf1_x0_im=    0, bf1_x1_re= 7152, bf1_x1_im=    0, bf1_y0_re=    0, bf1_y0_im=    0, bf1_y1_re= 9232, bf1_y1_im=    0
bf1_x0_re=    0, bf1_x0_im=    0, bf1_x1_re=    0, bf1_x1_im=    0, bf1_y0_re=    0, bf1_y0_im=    0, bf1_y1_re=    0, bf1_y1_im=    0
bf1_x0_re= 9208, bf1_x0_im=    0, bf1_x1_re= 7176, bf1_x1_im=    0, bf1_y0_re=    0, bf1_y0_im=    0, bf1_y1_re= 9208, bf1_y1_im=    0
bf1_x0_re=    0, bf1_x0_im=    0, bf1_x1_re=    0, bf1_x1_im=    0, bf1_y0_re=    0, bf1_y0_im=    0, bf1_y1_re=    0, bf1_y1_im=    0
bf1_x0_re= 9184, bf1_x0_im=    0, bf1_x1_re= 7200, bf1_x1_im=    0, bf1_y0_re=    0, bf1_y0_im=    0, bf1_y1_re= 9184, bf1_y1_im=    0
bf1_x0_re=    0, bf1_x0_im=    0, bf1_x1_re=    0, bf1_x1_im=    0, bf1_y0_re=    0, bf1_y0_im=    0, bf1_y1_re=    0, bf1_y1_im=    0
bf1_x0_re= 9160, bf1_x0_im=    0, bf1_x1_re= 7224, bf1_x1_im=    0, bf1_y0_re=    0, bf1_y0_im=    0, bf1_y1_re= 9160, bf1_y1_im=    0
bf1_x0_re=    0, bf1_x0_im=    0, bf1_x1_re=    0, bf1_x1_im=    0, bf1_y0_re=    0, bf1_y0_im=    0, bf1_y1_re=    0, bf1_y1_im=    0
bf1_x0_re= 9136, bf1_x0_im=    0, bf1_x1_re= 7248, bf1_x1_im=    0, bf1_y0_re=    0, bf1_y0_im=    0, bf1_y1_re= 9136, bf1_y1_im=    0
bf1_x0_re=    0, bf1_x0_im=    0, bf1_x1_re=    0, bf1_x1_im=    0, bf1_y0_re=    0, bf1_y0_im=    0, bf1_y1_re=    0, bf1_y1_im=    0
bf1_x0_re= 9113, bf1_x0_im=    0, bf1_x1_re= 7271, bf1_x1_im=    0, bf1_y0_re=    0, bf1_y0_im=    0, bf1_y1_re= 9113, bf1_y1_im=    0
bf1_x0_re=    0, bf1_x0_im=    0, bf1_x1_re=    0, bf1_x1_im=    0, bf1_y0_re=    0, bf1_y0_im=    0, bf1_y1_re=    0, bf1_y1_im=    0
bf1_x0_re= 9090, bf1_x0_im=    0, bf1_x1_re= 7294, bf1_x1_im=    0, bf1_y0_re=    0, bf1_y0_im=    0, bf1_y1_re= 9090, bf1_y1_im=    0
bf1_x0_re=    0, bf1_x0_im=    0, bf1_x1_re=    0, bf1_x1_im=    0, bf1_y0_re=    0, bf1_y0_im=    0, bf1_y1_re=    0, bf1_y1_im=    0
bf1_x0_re= 9067, bf1_x0_im=    0, bf1_x1_re= 7317, bf1_x1_im=    0, bf1_y0_re=    0, bf1_y0_im=    0, bf1_y1_re= 9067, bf1_y1_im=    0
bf1_x0_re=    0, bf1_x0_im=    0, bf1_x1_re=    0, bf1_x1_im=    0, bf1_y0_re=    0, bf1_y0_im=    0, bf1_y1_re=    0, bf1_y1_im=    0
bf1_x0_re= 9045, bf1_x0_im=    0, bf1_x1_re= 7339, bf1_x1_im=    0, bf1_y0_re=    0, bf1_y0_im=    0, bf1_y1_re= 9045, bf1_y1_im=    0
bf1_x0_re=    0, bf1_x0_im=    0, bf1_x1_re=    0, bf1_x1_im=    0, bf1_y0_re=    0, bf1_y0_im=    0, bf1_y1_re=    0, bf1_y1_im=    0
bf1_x0_re= 9023, bf1_x0_im=    0, bf1_x1_re= 7361, bf1_x1_im=    0, bf1_y0_re=    0, bf1_y0_im=    0, bf1_y1_re= 9023, bf1_y1_im=    0
bf1_x0_re=    0, bf1_x0_im=    0, bf1_x1_re=    0, bf1_x1_im=    0, bf1_y0_re=    0, bf1_y0_im=    0, bf1_y1_re=    0, bf1_y1_im=    0
bf1_x0_re= 9001, bf1_x0_im=    0, bf1_x1_re= 7383, bf1_x1_im=    0, bf1_y0_re=    0, bf1_y0_im=    0, bf1_y1_re= 9001, bf1_y1_im=    0
bf1_x0_re=    0, bf1_x0_im=    0, bf1_x1_re=    0, bf1_x1_im=    0, bf1_y0_re=    0, bf1_y0_im=    0, bf1_y1_re=    0, bf1_y1_im=    0
bf1_x0_re= 8979, bf1_x0_im=    0, bf1_x1_re= 7405, bf1_x1_im=    0, bf1_y0_re=    0, bf1_y0_im=    0, bf1_y1_re= 8979, bf1_y1_im=    0
bf1_x0_re=    0, bf1_x0_im=    0, bf1_x1_re=    0, bf1_x1_im=    0, bf1_y0_re=    0, bf1_y0_im=    0, bf1_y1_re=    0, bf1_y1_im=    0
bf1_x0_re= 8958, bf1_x0_im=    0, bf1_x1_re= 7426, bf1_x1_im=    0, bf1_y0_re=    0, bf1_y0_im=    0, bf1_y1_re= 8958, bf1_y1_im=    0
bf1_x0_re=    0, bf1_x0_im=    0, bf1_x1_re=    0, bf1_x1_im=    0, bf1_y0_re=    0, bf1_y0_im=    0, bf1_y1_re=    0, bf1_y1_im=    0
bf1_x0_re= 8937, bf1_x0_im=    0, bf1_x1_re= 7447, bf1_x1_im=    0, bf1_y0_re=    0, bf1_y0_im=    0, bf1_y1_re= 8937, bf1_y1_im=    0
bf1_x0_re=    0, bf1_x0_im=    0, bf1_x1_re=    0, bf1_x1_im=    0, bf1_y0_re=    0, bf1_y0_im=    0, bf1_y1_re=    0, bf1_y1_im=    0
bf1_x0_re= 8916, bf1_x0_im=    0, bf1_x1_re= 7468, bf1_x1_im=    0, bf1_y0_re=    0, bf1_y0_im=    0, bf1_y1_re= 8916, bf1_y1_im=    0
bf1_x0_re=    0, bf1_x0_im=    0, bf1_x1_re=    0, bf1_x1_im=    0, bf1_y0_re=    0, bf1_y0_im=    0, bf1_y1_re=    0, bf1_y1_im=    0
bf1_x0_re= 8896, bf1_x0_im=    0, bf1_x1_re= 7488, bf1_x1_im=    0, bf1_y0_re=    0, bf1_y0_im=    0, bf1_y1_re= 8896, bf1_y1_im=    0
bf1_x0_re=    0, bf1_x0_im=    0, bf1_x1_re=    0, bf1_x1_im=    0, bf1_y0_re=    0, bf1_y0_im=    0, bf1_y1_re=    0, bf1_y1_im=    0
bf1_x0_re= 8875, bf1_x0_im=    0, bf1_x1_re= 7509, bf1_x1_im=    0, bf1_y0_re=    0, bf1_y0_im=    0, bf1_y1_re= 8875, bf1_y1_im=    0
bf1_x0_re=    0, bf1_x0_im=    0, bf1_x1_re=    0, bf1_x1_im=    0, bf1_y0_re=    0, bf1_y0_im=    0, bf1_y1_re=    0, bf1_y1_im=    0
bf1_x0_re= 8855, bf1_x0_im=    0, bf1_x1_re= 7529, bf1_x1_im=    0, bf1_y0_re=    0, bf1_y0_im=    0, bf1_y1_re= 8855, bf1_y1_im=    0
bf1_x0_re=    0, bf1_x0_im=    0, bf1_x1_re=    0, bf1_x1_im=    0, bf1_y0_re=    0, bf1_y0_im=    0, bf1_y1_re=    0, bf1_y1_im=    0
bf1_x0_re= 8836, bf1_x0_im=    0, bf1_x1_re= 7548, bf1_x1_im=    0, bf1_y0_re=    0, bf1_y0_im=    0, bf1_y1_re= 8836, bf1_y1_im=    0
bf1_x0_re=    0, bf1_x0_im=    0, bf1_x1_re=    0, bf1_x1_im=    0, bf1_y0_re=    0, bf1_y0_im=    0, bf1_y1_re=    0, bf1_y1_im=    0
bf1_x0_re= 8816, bf1_x0_im=    0, bf1_x1_re= 7568, bf1_x1_im=    0, bf1_y0_re=    0, bf1_y0_im=    0, bf1_y1_re= 8816, bf1_y1_im=    0
bf1_x0_re=    0, bf1_x0_im=    0, bf1_x1_re=    0, bf1_x1_im=    0, bf1_y0_re=    0, bf1_y0_im=    0, bf1_y1_re=    0, bf1_y1_im=    0
bf1_x0_re= 8797, bf1_x0_im=    0, bf1_x1_re= 7587, bf1_x1_im=    0, bf1_y0_re=    0, bf1_y0_im=    0, bf1_y1_re= 8797, bf1_y1_im=    0
bf1_x0_re=    0, bf1_x0_im=    0, bf1_x1_re=    0, bf1_x1_im=    0, bf1_y0_re=    0, bf1_y0_im=    0, bf1_y1_re=    0, bf1_y1_im=    0
bf1_x0_re= 8778, bf1_x0_im=    0, bf1_x1_re= 7606, bf1_x1_im=    0, bf1_y0_re=    0, bf1_y0_im=    0, bf1_y1_re= 8778, bf1_y1_im=    0
bf1_x0_re=    0, bf1_x0_im=    0, bf1_x1_re=    0, bf1_x1_im=    0, bf1_y0_re=    0, bf1_y0_im=    0, bf1_y1_re=    0, bf1_y1_im=    0
bf1_x0_re= 8760, bf1_x0_im=    0, bf1_x1_re= 7624, bf1_x1_im=    0, bf1_y0_re=    0, bf1_y0_im=    0, bf1_y1_re= 8760, bf1_y1_im=    0
bf1_x0_re=    0, bf1_x0_im=    0, bf1_x1_re=    0, bf1_x1_im=    0, bf1_y0_re=    0, bf1_y0_im=    0, bf1_y1_re=    0, bf1_y1_im=    0
bf1_x0_re= 8742, bf1_x0_im=    0, bf1_x1_re= 7642, bf1_x1_im=    0, bf1_y0_re=    0, bf1_y0_im=    0, bf1_y1_re= 8742, bf1_y1_im=    0
bf1_x0_re=    0, bf1_x0_im=    0, bf1_x1_re=    0, bf1_x1_im=    0, bf1_y0_re=    0, bf1_y0_im=    0, bf1_y1_re=    0, bf1_y1_im=    0
bf1_x0_re= 8724, bf1_x0_im=    0, bf1_x1_re= 7660, bf1_x1_im=    0, bf1_y0_re=    0, bf1_y0_im=    0, bf1_y1_re= 8724, bf1_y1_im=    0
bf1_x0_re=    0, bf1_x0_im=    0, bf1_x1_re=    0, bf1_x1_im=    0, bf1_y0_re=    0, bf1_y0_im=    0, bf1_y1_re=    0, bf1_y1_im=    0
bf1_x0_re= 8706, bf1_x0_im=    0, bf1_x1_re= 7678, bf1_x1_im=    0, bf1_y0_re=    0, bf1_y0_im=    0, bf1_y1_re= 8706, bf1_y1_im=    0
bf1_x0_re=    0, bf1_x0_im=    0, bf1_x1_re=    0, bf1_x1_im=    0, bf1_y0_re=    0, bf1_y0_im=    0, bf1_y1_re=    0, bf1_y1_im=    0
bf1_x0_re= 8689, bf1_x0_im=    0, bf1_x1_re= 7695, bf1_x1_im=    0, bf1_y0_re=    0, bf1_y0_im=    0, bf1_y1_re= 8689, bf1_y1_im=    0
bf1_x0_re=    0, bf1_x0_im=    0, bf1_x1_re=    0, bf1_x1_im=    0, bf1_y0_re=    0, bf1_y0_im=    0, bf1_y1_re=    0, bf1_y1_im=    0
bf1_x0_re= 8672, bf1_x0_im=    0, bf1_x1_re= 7712, bf1_x1_im=    0, bf1_y0_re=    0, bf1_y0_im=    0, bf1_y1_re= 8672, bf1_y1_im=    0
bf1_x0_re=    0, bf1_x0_im=    0, bf1_x1_re=    0, bf1_x1_im=    0, bf1_y0_re=    0, bf1_y0_im=    0, bf1_y1_re=    0, bf1_y1_im=    0
bf1_x0_re= 8655, bf1_x0_im=    0, bf1_x1_re= 7729, bf1_x1_im=    0, bf1_y0_re=    0, bf1_y0_im=    0, bf1_y1_re= 8655, bf1_y1_im=    0
bf1_x0_re=    0, bf1_x0_im=    0, bf1_x1_re=    0, bf1_x1_im=    0, bf1_y0_re=    0, bf1_y0_im=    0, bf1_y1_re=    0, bf1_y1_im=    0
bf1_x0_re= 8638, bf1_x0_im=    0, bf1_x1_re= 7746, bf1_x1_im=    0, bf1_y0_re=    0, bf1_y0_im=    0, bf1_y1_re= 8638, bf1_y1_im=    0
bf1_x0_re=    0, bf1_x0_im=    0, bf1_x1_re=    0, bf1_x1_im=    0, bf1_y0_re=    0, bf1_y0_im=    0, bf1_y1_re=    0, bf1_y1_im=    0
bf1_x0_re= 8622, bf1_x0_im=    0, bf1_x1_re= 7762, bf1_x1_im=    0, bf1_y0_re=    0, bf1_y0_im=    0, bf1_y1_re= 8622, bf1_y1_im=    0
bf1_x0_re=    0, bf1_x0_im=    0, bf1_x1_re=    0, bf1_x1_im=    0, bf1_y0_re=    0, bf1_y0_im=    0, bf1_y1_re=    0, bf1_y1_im=    0
bf1_x0_re= 8606, bf1_x0_im=    0, bf1_x1_re= 7778, bf1_x1_im=    0, bf1_y0_re=    0, bf1_y0_im=    0, bf1_y1_re= 8606, bf1_y1_im=    0
bf1_x0_re=    0, bf1_x0_im=    0, bf1_x1_re=    0, bf1_x1_im=    0, bf1_y0_re=    0, bf1_y0_im=    0, bf1_y1_re=    0, bf1_y1_im=    0
bf1_x0_re= 8591, bf1_x0_im=    0, bf1_x1_re= 7793, bf1_x1_im=    0, bf1_y0_re=    0, bf1_y0_im=    0, bf1_y1_re= 8591, bf1_y1_im=    0
bf1_x0_re=    0, bf1_x0_im=    0, bf1_x1_re=    0, bf1_x1_im=    0, bf1_y0_re=    0, bf1_y0_im=    0, bf1_y1_re=    0, bf1_y1_im=    0
bf1_x0_re= 8575, bf1_x0_im=    0, bf1_x1_re= 7809, bf1_x1_im=    0, bf1_y0_re=    0, bf1_y0_im=    0, bf1_y1_re= 8575, bf1_y1_im=    0
bf1_x0_re=    0, bf1_x0_im=    0, bf1_x1_re=    0, bf1_x1_im=    0, bf1_y0_re=    0, bf1_y0_im=    0, bf1_y1_re=    0, bf1_y1_im=    0
bf1_x0_re= 8560, bf1_x0_im=    0, bf1_x1_re= 7824, bf1_x1_im=    0, bf1_y0_re=    0, bf1_y0_im=    0, bf1_y1_re= 8560, bf1_y1_im=    0
bf1_x0_re=    0, bf1_x0_im=    0, bf1_x1_re=    0, bf1_x1_im=    0, bf1_y0_re=    0, bf1_y0_im=    0, bf1_y1_re=    0, bf1_y1_im=    0
bf1_x0_re= 8546, bf1_x0_im=    0, bf1_x1_re= 7838, bf1_x1_im=    0, bf1_y0_re=    0, bf1_y0_im=    0, bf1_y1_re= 8546, bf1_y1_im=    0
bf1_x0_re=    0, bf1_x0_im=    0, bf1_x1_re=    0, bf1_x1_im=    0, bf1_y0_re=    0, bf1_y0_im=    0, bf1_y1_re=    0, bf1_y1_im=    0
bf1_x0_re= 8531, bf1_x0_im=    0, bf1_x1_re= 7853, bf1_x1_im=    0, bf1_y0_re=    0, bf1_y0_im=    0, bf1_y1_re= 8531, bf1_y1_im=    0
bf1_x0_re=    0, bf1_x0_im=    0, bf1_x1_re=    0, bf1_x1_im=    0, bf1_y0_re=    0, bf1_y0_im=    0, bf1_y1_re=    0, bf1_y1_im=    0
bf1_x0_re= 8517, bf1_x0_im=    0, bf1_x1_re= 7867, bf1_x1_im=    0, bf1_y0_re=    0, bf1_y0_im=    0, bf1_y1_re= 8517, bf1_y1_im=    0
bf1_x0_re=    0, bf1_x0_im=    0, bf1_x1_re=    0, bf1_x1_im=    0, bf1_y0_re=    0, bf1_y0_im=    0, bf1_y1_re=    0, bf1_y1_im=    0
bf1_x0_re= 8503, bf1_x0_im=    0, bf1_x1_re= 7881, bf1_x1_im=    0, bf1_y0_re=    0, bf1_y0_im=    0, bf1_y1_re= 8503, bf1_y1_im=    0
bf1_x0_re=    0, bf1_x0_im=    0, bf1_x1_re=    0, bf1_x1_im=    0, bf1_y0_re=    0, bf1_y0_im=    0, bf1_y1_re=    0, bf1_y1_im=    0
bf1_x0_re= 8490, bf1_x0_im=    0, bf1_x1_re= 7894, bf1_x1_im=    0, bf1_y0_re=    0, bf1_y0_im=    0, bf1_y1_re= 8490, bf1_y1_im=    0
bf1_x0_re=    0, bf1_x0_im=    0, bf1_x1_re=    0, bf1_x1_im=    0, bf1_y0_re=    0, bf1_y0_im=    0, bf1_y1_re=    0, bf1_y1_im=    0
bf1_x0_re= 8476, bf1_x0_im=    0, bf1_x1_re= 7908, bf1_x1_im=    0, bf1_y0_re=    0, bf1_y0_im=    0, bf1_y1_re= 8476, bf1_y1_im=    0
bf1_x0_re=    0, bf1_x0_im=    0, bf1_x1_re=    0, bf1_x1_im=    0, bf1_y0_re=    0, bf1_y0_im=    0, bf1_y1_re=    0, bf1_y1_im=    0
bf1_x0_re= 8463, bf1_x0_im=    0, bf1_x1_re= 7921, bf1_x1_im=    0, bf1_y0_re=    0, bf1_y0_im=    0, bf1_y1_re= 8463, bf1_y1_im=    0
bf1_x0_re=    0, bf1_x0_im=    0, bf1_x1_re=    0, bf1_x1_im=    0, bf1_y0_re=    0, bf1_y0_im=    0, bf1_y1_re=    0, bf1_y1_im=    0
bf1_x0_re= 8451, bf1_x0_im=    0, bf1_x1_re= 7933, bf1_x1_im=    0, bf1_y0_re=    0, bf1_y0_im=    0, bf1_y1_re= 8451, bf1_y1_im=    0
bf1_x0_re=    0, bf1_x0_im=    0, bf1_x1_re=    0, bf1_x1_im=    0, bf1_y0_re=    0, bf1_y0_im=    0, bf1_y1_re=    0, bf1_y1_im=    0
bf1_x0_re= 8438, bf1_x0_im=    0, bf1_x1_re= 7946, bf1_x1_im=    0, bf1_y0_re=    0, bf1_y0_im=    0, bf1_y1_re= 8438, bf1_y1_im=    0
bf1_x0_re=    0, bf1_x0_im=    0, bf1_x1_re=    0, bf1_x1_im=    0, bf1_y0_re=    0, bf1_y0_im=    0, bf1_y1_re=    0, bf1_y1_im=    0
bf1_x0_re= 8426, bf1_x0_im=    0, bf1_x1_re= 7958, bf1_x1_im=    0, bf1_y0_re=    0, bf1_y0_im=    0, bf1_y1_re= 8426, bf1_y1_im=    0
bf1_x0_re=    0, bf1_x0_im=    0, bf1_x1_re=    0, bf1_x1_im=    0, bf1_y0_re=    0, bf1_y0_im=    0, bf1_y1_re=    0, bf1_y1_im=    0
bf1_x0_re= 8414, bf1_x0_im=    0, bf1_x1_re= 7970, bf1_x1_im=    0, bf1_y0_re=    0, bf1_y0_im=    0, bf1_y1_re= 8414, bf1_y1_im=    0
bf1_x0_re=    0, bf1_x0_im=    0, bf1_x1_re=    0, bf1_x1_im=    0, bf1_y0_re=    0, bf1_y0_im=    0, bf1_y1_re=    0, bf1_y1_im=    0
bf1_x0_re= 8403, bf1_x0_im=    0, bf1_x1_re= 7981, bf1_x1_im=    0, bf1_y0_re=    0, bf1_y0_im=    0, bf1_y1_re= 8403, bf1_y1_im=    0
bf1_x0_re=    0, bf1_x0_im=    0, bf1_x1_re=    0, bf1_x1_im=    0, bf1_y0_re=    0, bf1_y0_im=    0, bf1_y1_re=    0, bf1_y1_im=    0
bf1_x0_re= 8392, bf1_x0_im=    0, bf1_x1_re= 7992, bf1_x1_im=    0, bf1_y0_re=    0, bf1_y0_im=    0, bf1_y1_re= 8392, bf1_y1_im=    0
bf1_x0_re=    0, bf1_x0_im=    0, bf1_x1_re=    0, bf1_x1_im=    0, bf1_y0_re=    0, bf1_y0_im=    0, bf1_y1_re=    0, bf1_y1_im=    0
bf1_x0_re= 8381, bf1_x0_im=    0, bf1_x1_re= 8003, bf1_x1_im=    0, bf1_y0_re=    0, bf1_y0_im=    0, bf1_y1_re= 8381, bf1_y1_im=    0
bf1_x0_re=    0, bf1_x0_im=    0, bf1_x1_re=    0, bf1_x1_im=    0, bf1_y0_re=    0, bf1_y0_im=    0, bf1_y1_re=    0, bf1_y1_im=    0
bf1_x0_re= 8370, bf1_x0_im=    0, bf1_x1_re= 8014, bf1_x1_im=    0, bf1_y0_re=    0, bf1_y0_im=    0, bf1_y1_re= 8370, bf1_y1_im=    0
bf1_x0_re=    0, bf1_x0_im=    0, bf1_x1_re=    0, bf1_x1_im=    0, bf1_y0_re=    0, bf1_y0_im=    0, bf1_y1_re=    0, bf1_y1_im=    0
bf1_x0_re= 8360, bf1_x0_im=    0, bf1_x1_re= 8024, bf1_x1_im=    0, bf1_y0_re=    0, bf1_y0_im=    0, bf1_y1_re= 8360, bf1_y1_im=    0
bf1_x0_re=    0, bf1_x0_im=    0, bf1_x1_re=    0, bf1_x1_im=    0, bf1_y0_re=    0, bf1_y0_im=    0, bf1_y1_re=    0, bf1_y1_im=    0
bf1_x0_re= 8350, bf1_x0_im=    0, bf1_x1_re= 8034, bf1_x1_im=    0, bf1_y0_re=    0, bf1_y0_im=    0, bf1_y1_re= 8350, bf1_y1_im=    0
bf1_x0_re=    0, bf1_x0_im=    0, bf1_x1_re=    0, bf1_x1_im=    0, bf1_y0_re=    0, bf1_y0_im=    0, bf1_y1_re=    0, bf1_y1_im=    0
bf1_x0_re= 8341, bf1_x0_im=    0, bf1_x1_re= 8043, bf1_x1_im=    0, bf1_y0_re=    0, bf1_y0_im=    0, bf1_y1_re= 8341, bf1_y1_im=    0
bf1_x0_re=    0, bf1_x0_im=    0, bf1_x1_re=    0, bf1_x1_im=    0, bf1_y0_re=    0, bf1_y0_im=    0, bf1_y1_re=    0, bf1_y1_im=    0
bf1_x0_re= 8331, bf1_x0_im=    0, bf1_x1_re= 8053, bf1_x1_im=    0, bf1_y0_re=    0, bf1_y0_im=    0, bf1_y1_re= 8331, bf1_y1_im=    0
bf1_x0_re=    0, bf1_x0_im=    0, bf1_x1_re=    0, bf1_x1_im=    0, bf1_y0_re=    0, bf1_y0_im=    0, bf1_y1_re=    0, bf1_y1_im=    0
bf1_x0_re= 8322, bf1_x0_im=    0, bf1_x1_re= 8062, bf1_x1_im=    0, bf1_y0_re=    0, bf1_y0_im=    0, bf1_y1_re= 8322, bf1_y1_im=    0
bf1_x0_re=    0, bf1_x0_im=    0, bf1_x1_re=    0, bf1_x1_im=    0, bf1_y0_re=    0, bf1_y0_im=    0, bf1_y1_re=    0, bf1_y1_im=    0
bf1_x0_re= 8313, bf1_x0_im=    0, bf1_x1_re= 8071, bf1_x1_im=    0, bf1_y0_re=    0, bf1_y0_im=    0, bf1_y1_re= 8313, bf1_y1_im=    0
bf1_x0_re=    0, bf1_x0_im=    0, bf1_x1_re=    0, bf1_x1_im=    0, bf1_y0_re=    0, bf1_y0_im=    0, bf1_y1_re=    0, bf1_y1_im=    0
bf1_x0_re= 8305, bf1_x0_im=    0, bf1_x1_re= 8079, bf1_x1_im=    0, bf1_y0_re=    0, bf1_y0_im=    0, bf1_y1_re= 8305, bf1_y1_im=    0
bf1_x0_re=    0, bf1_x0_im=    0, bf1_x1_re=    0, bf1_x1_im=    0, bf1_y0_re=    0, bf1_y0_im=    0, bf1_y1_re=    0, bf1_y1_im=    0
bf1_x0_re= 8297, bf1_x0_im=    0, bf1_x1_re= 8087, bf1_x1_im=    0, bf1_y0_re=    0, bf1_y0_im=    0, bf1_y1_re= 8297, bf1_y1_im=    0
bf1_x0_re=    0, bf1_x0_im=    0, bf1_x1_re=    0, bf1_x1_im=    0, bf1_y0_re=    0, bf1_y0_im=    0, bf1_y1_re=    0, bf1_y1_im=    0
bf1_x0_re=    0, bf1_x0_im=    0, bf1_x1_re=    0, bf1_x1_im=    0, bf1_y0_re=    0, bf1_y0_im=    0, bf1_y1_re=    0, bf1_y1_im=    0
bf1_x0_re= 8289, bf1_x0_im=    0, bf1_x1_re= 8095, bf1_x1_im=    0, bf1_y0_re=    0, bf1_y0_im=    0, bf1_y1_re= 8289, bf1_y1_im=    0
bf1_x0_re=    0, bf1_x0_im=    0, bf1_x1_re=    0, bf1_x1_im=    0, bf1_y0_re=    0, bf1_y0_im=    0, bf1_y1_re=    0, bf1_y1_im=    0
bf1_x0_re=    0, bf1_x0_im=    0, bf1_x1_re=    0, bf1_x1_im=    0, bf1_y0_re=    0, bf1_y0_im=    0, bf1_y1_re=    0, bf1_y1_im=    0
bf1_x0_re= 8281, bf1_x0_im=    0, bf1_x1_re= 8103, bf1_x1_im=    0, bf1_y0_re=    0, bf1_y0_im=    0, bf1_y1_re= 8281, bf1_y1_im=    0
bf1_x0_re=    0, bf1_x0_im=    0, bf1_x1_re=    0, bf1_x1_im=    0, bf1_y0_re=    0, bf1_y0_im=    0, bf1_y1_re=    0, bf1_y1_im=    0
bf1_x0_re=    0, bf1_x0_im=    0, bf1_x1_re=    0, bf1_x1_im=    0, bf1_y0_re=    0, bf1_y0_im=    0, bf1_y1_re=    0, bf1_y1_im=    0
bf1_x0_re= 8274, bf1_x0_im=    0, bf1_x1_re= 8110, bf1_x1_im=    0, bf1_y0_re=    0, bf1_y0_im=    0, bf1_y1_re= 8274, bf1_y1_im=    0
bf1_x0_re=    0, bf1_x0_im=    0, bf1_x1_re=    0, bf1_x1_im=    0, bf1_y0_re=    0, bf1_y0_im=    0, bf1_y1_re=    0, bf1_y1_im=    0
bf1_x0_re=    0, bf1_x0_im=    0, bf1_x1_re=    0, bf1_x1_im=    0, bf1_y0_re=    0, bf1_y0_im=    0, bf1_y1_re=    0, bf1_y1_im=    0
bf1_x0_re= 8267, bf1_x0_im=    0, bf1_x1_re= 8117, bf1_x1_im=    0, bf1_y0_re=    0, bf1_y0_im=    0, bf1_y1_re= 8267, bf1_y1_im=    0
bf1_x0_re=    0, bf1_x0_im=    0, bf1_x1_re=    0, bf1_x1_im=    0, bf1_y0_re=    0, bf1_y0_im=    0, bf1_y1_re=    0, bf1_y1_im=    0
bf1_x0_re=    0, bf1_x0_im=    0, bf1_x1_re=    0, bf1_x1_im=    0, bf1_y0_re=    0, bf1_y0_im=    0, bf1_y1_re=    0, bf1_y1_im=    0
bf1_x0_re= 8261, bf1_x0_im=    0, bf1_x1_re= 8123, bf1_x1_im=    0, bf1_y0_re=    0, bf1_y0_im=    0, bf1_y1_re= 8261, bf1_y1_im=    0
bf1_x0_re=    0, bf1_x0_im=    0, bf1_x1_re=    0, bf1_x1_im=    0, bf1_y0_re=    0, bf1_y0_im=    0, bf1_y1_re=    0, bf1_y1_im=    0
bf1_x0_re=    0, bf1_x0_im=    0, bf1_x1_re=    0, bf1_x1_im=    0, bf1_y0_re=    0, bf1_y0_im=    0, bf1_y1_re=    0, bf1_y1_im=    0
bf1_x0_re= 8254, bf1_x0_im=    0, bf1_x1_re= 8130, bf1_x1_im=    0, bf1_y0_re=    0, bf1_y0_im=    0, bf1_y1_re= 8254, bf1_y1_im=    0
bf1_x0_re=    0, bf1_x0_im=    0, bf1_x1_re=    0, bf1_x1_im=    0, bf1_y0_re=    0, bf1_y0_im=    0, bf1_y1_re=    0, bf1_y1_im=    0
bf1_x0_re=    0, bf1_x0_im=    0, bf1_x1_re=    0, bf1_x1_im=    0, bf1_y0_re=    0, bf1_y0_im=    0, bf1_y1_re=    0, bf1_y1_im=    0
bf1_x0_re= 8248, bf1_x0_im=    0, bf1_x1_re= 8136, bf1_x1_im=    0, bf1_y0_re=    0, bf1_y0_im=    0, bf1_y1_re= 8248, bf1_y1_im=    0
bf1_x0_re=    0, bf1_x0_im=    0, bf1_x1_re=    0, bf1_x1_im=    0, bf1_y0_re=    0, bf1_y0_im=    0, bf1_y1_re=    0, bf1_y1_im=    0
bf1_x0_re=    0, bf1_x0_im=    0, bf1_x1_re=    0, bf1_x1_im=    0, bf1_y0_re=    0, bf1_y0_im=    0, bf1_y1_re=    0, bf1_y1_im=    0
bf1_x0_re= 8243, bf1_x0_im=    0, bf1_x1_re= 8141, bf1_x1_im=    0, bf1_y0_re=    0, bf1_y0_im=    0, bf1_y1_re= 8243, bf1_y1_im=    0
bf1_x0_re=    0, bf1_x0_im=    0, bf1_x1_re=    0, bf1_x1_im=    0, bf1_y0_re=    0, bf1_y0_im=    0, bf1_y1_re=    0, bf1_y1_im=    0
bf1_x0_re=    0, bf1_x0_im=    0, bf1_x1_re=    0, bf1_x1_im=    0, bf1_y0_re=    0, bf1_y0_im=    0, bf1_y1_re=    0, bf1_y1_im=    0
bf1_x0_re= 8237, bf1_x0_im=    0, bf1_x1_re= 8147, bf1_x1_im=    0, bf1_y0_re=    0, bf1_y0_im=    0, bf1_y1_re= 8237, bf1_y1_im=    0
bf1_x0_re=    0, bf1_x0_im=    0, bf1_x1_re=    0, bf1_x1_im=    0, bf1_y0_re=    0, bf1_y0_im=    0, bf1_y1_re=    0, bf1_y1_im=    0
bf1_x0_re=    0, bf1_x0_im=    0, bf1_x1_re=    0, bf1_x1_im=    0, bf1_y0_re=    0, bf1_y0_im=    0, bf1_y1_re=    0, bf1_y1_im=    0
bf1_x0_re= 8232, bf1_x0_im=    0, bf1_x1_re= 8152, bf1_x1_im=    0, bf1_y0_re=    0, bf1_y0_im=    0, bf1_y1_re= 8232, bf1_y1_im=    0
bf1_x0_re=    0, bf1_x0_im=    0, bf1_x1_re=    0, bf1_x1_im=    0, bf1_y0_re=    0, bf1_y0_im=    0, bf1_y1_re=    0, bf1_y1_im=    0
bf1_x0_re=    0, bf1_x0_im=    0, bf1_x1_re=    0, bf1_x1_im=    0, bf1_y0_re=    0, bf1_y0_im=    0, bf1_y1_re=    0, bf1_y1_im=    0
bf1_x0_re= 8227, bf1_x0_im=    0, bf1_x1_re= 8157, bf1_x1_im=    0, bf1_y0_re=    0, bf1_y0_im=    0, bf1_y1_re= 8227, bf1_y1_im=    0
bf1_x0_re=    0, bf1_x0_im=    0, bf1_x1_re=    0, bf1_x1_im=    0, bf1_y0_re=    0, bf1_y0_im=    0, bf1_y1_re=    0, bf1_y1_im=    0
bf1_x0_re=    0, bf1_x0_im=    0, bf1_x1_re=    0, bf1_x1_im=    0, bf1_y0_re=    0, bf1_y0_im=    0, bf1_y1_re=    0, bf1_y1_im=    0
bf1_x0_re= 8223, bf1_x0_im=    0, bf1_x1_re= 8161, bf1_x1_im=    0, bf1_y0_re=    0, bf1_y0_im=    0, bf1_y1_re= 8223, bf1_y1_im=    0
bf1_x0_re=    0, bf1_x0_im=    0, bf1_x1_re=    0, bf1_x1_im=    0, bf1_y0_re=    0, bf1_y0_im=    0, bf1_y1_re=    0, bf1_y1_im=    0
bf1_x0_re=    0, bf1_x0_im=    0, bf1_x1_re=    0, bf1_x1_im=    0, bf1_y0_re=    0, bf1_y0_im=    0, bf1_y1_re=    0, bf1_y1_im=    0
bf1_x0_re= 8219, bf1_x0_im=    0, bf1_x1_re= 8165, bf1_x1_im=    0, bf1_y0_re=    0, bf1_y0_im=    0, bf1_y1_re= 8219, bf1_y1_im=    0
bf1_x0_re=    0, bf1_x0_im=    0, bf1_x1_re=    0, bf1_x1_im=    0, bf1_y0_re=    0, bf1_y0_im=    0, bf1_y1_re=    0, bf1_y1_im=    0
bf1_x0_re=    0, bf1_x0_im=    0, bf1_x1_re=    0, bf1_x1_im=    0, bf1_y0_re=    0, bf1_y0_im=    0, bf1_y1_re=    0, bf1_y1_im=    0
bf1_x0_re= 8215, bf1_x0_im=    0, bf1_x1_re= 8169, bf1_x1_im=    0, bf1_y0_re=    0, bf1_y0_im=    0, bf1_y1_re= 8215, bf1_y1_im=    0
bf1_x0_re=    0, bf1_x0_im=    0, bf1_x1_re=    0, bf1_x1_im=    0, bf1_y0_re=    0, bf1_y0_im=    0, bf1_y1_re=    0, bf1_y1_im=    0
bf1_x0_re=    0, bf1_x0_im=    0, bf1_x1_re=    0, bf1_x1_im=    0, bf1_y0_re=    0, bf1_y0_im=    0, bf1_y1_re=    0, bf1_y1_im=    0
bf1_x0_re= 8211, bf1_x0_im=    0, bf1_x1_re= 8173, bf1_x1_im=    0, bf1_y0_re=    0, bf1_y0_im=    0, bf1_y1_re= 8211, bf1_y1_im=    0
bf1_x0_re=    0, bf1_x0_im=    0, bf1_x1_re=    0, bf1_x1_im=    0, bf1_y0_re=    0, bf1_y0_im=    0, bf1_y1_re=    0, bf1_y1_im=    0
bf1_x0_re=    0, bf1_x0_im=    0, bf1_x1_re=    0, bf1_x1_im=    0, bf1_y0_re=    0, bf1_y0_im=    0, bf1_y1_re=    0, bf1_y1_im=    0
bf1_x0_re= 8208, bf1_x0_im=    0, bf1_x1_re= 8176, bf1_x1_im=    0, bf1_y0_re=    0, bf1_y0_im=    0, bf1_y1_re= 8208, bf1_y1_im=    0
bf1_x0_re=    0, bf1_x0_im=    0, bf1_x1_re=    0, bf1_x1_im=    0, bf1_y0_re=    0, bf1_y0_im=    0, bf1_y1_re=    0, bf1_y1_im=    0
bf1_x0_re=    0, bf1_x0_im=    0, bf1_x1_re=    0, bf1_x1_im=    0, bf1_y0_re=    0, bf1_y0_im=    0, bf1_y1_re=    0, bf1_y1_im=    0
bf1_x0_re= 8205, bf1_x0_im=    0, bf1_x1_re= 8179, bf1_x1_im=    0, bf1_y0_re=    0, bf1_y0_im=    0, bf1_y1_re= 8205, bf1_y1_im=    0
bf1_x0_re=    0, bf1_x0_im=    0, bf1_x1_re=    0, bf1_x1_im=    0, bf1_y0_re=    0, bf1_y0_im=    0, bf1_y1_re=    0, bf1_y1_im=    0
bf1_x0_re=    0, bf1_x0_im=    0, bf1_x1_re=    0, bf1_x1_im=    0, bf1_y0_re=    0, bf1_y0_im=    0, bf1_y1_re=    0, bf1_y1_im=    0
bf1_x0_re= 8203, bf1_x0_im=    0, bf1_x1_re= 8181, bf1_x1_im=    0, bf1_y0_re=    0, bf1_y0_im=    0, bf1_y1_re= 8203, bf1_y1_im=    0
bf1_x0_re=    0, bf1_x0_im=    0, bf1_x1_re=    0, bf1_x1_im=    0, bf1_y0_re=    0, bf1_y0_im=    0, bf1_y1_re=    0, bf1_y1_im=    0
bf1_x0_re=    0, bf1_x0_im=    0, bf1_x1_re=    0, bf1_x1_im=    0, bf1_y0_re=    0, bf1_y0_im=    0, bf1_y1_re=    0, bf1_y1_im=    0
bf1_x0_re= 8200, bf1_x0_im=    0, bf1_x1_re= 8184, bf1_x1_im=    0, bf1_y0_re=    0, bf1_y0_im=    0, bf1_y1_re= 8200, bf1_y1_im=    0
bf1_x0_re=    0, bf1_x0_im=    0, bf1_x1_re=    0, bf1_x1_im=    0, bf1_y0_re=    0, bf1_y0_im=    0, bf1_y1_re=    0, bf1_y1_im=    0
bf1_x0_re=    0, bf1_x0_im=    0, bf1_x1_re=    0, bf1_x1_im=    0, bf1_y0_re=    0, bf1_y0_im=    0, bf1_y1_re=    0, bf1_y1_im=    0
bf1_x0_re= 8198, bf1_x0_im=    0, bf1_x1_re= 8186, bf1_x1_im=    0, bf1_y0_re=    0, bf1_y0_im=    0, bf1_y1_re= 8198, bf1_y1_im=    0
bf1_x0_re=    0, bf1_x0_im=    0, bf1_x1_re=    0, bf1_x1_im=    0, bf1_y0_re=    0, bf1_y0_im=    0, bf1_y1_re=    0, bf1_y1_im=    0
bf1_x0_re=    0, bf1_x0_im=    0, bf1_x1_re=    0, bf1_x1_im=    0, bf1_y0_re=    0, bf1_y0_im=    0, bf1_y1_re=    0, bf1_y1_im=    0
bf1_x0_re= 8197, bf1_x0_im=    0, bf1_x1_re= 8187, bf1_x1_im=    0, bf1_y0_re=    0, bf1_y0_im=    0, bf1_y1_re= 8197, bf1_y1_im=    0
bf1_x0_re=    0, bf1_x0_im=    0, bf1_x1_re=    0, bf1_x1_im=    0, bf1_y0_re=    0, bf1_y0_im=    0, bf1_y1_re=    0, bf1_y1_im=    0
bf1_x0_re=    0, bf1_x0_im=    0, bf1_x1_re=    0, bf1_x1_im=    0, bf1_y0_re=    0, bf1_y0_im=    0, bf1_y1_re=    0, bf1_y1_im=    0
bf1_x0_re= 8195, bf1_x0_im=    0, bf1_x1_re= 8189, bf1_x1_im=    0, bf1_y0_re=    0, bf1_y0_im=    0, bf1_y1_re= 8195, bf1_y1_im=    0
bf1_x0_re=    0, bf1_x0_im=    0, bf1_x1_re=    0, bf1_x1_im=    0, bf1_y0_re=    0, bf1_y0_im=    0, bf1_y1_re=    0, bf1_y1_im=    0
bf1_x0_re=    0, bf1_x0_im=    0, bf1_x1_re=    0, bf1_x1_im=    0, bf1_y0_re=    0, bf1_y0_im=    0, bf1_y1_re=    0, bf1_y1_im=    0
bf1_x0_re= 8194, bf1_x0_im=    0, bf1_x1_re= 8190, bf1_x1_im=    0, bf1_y0_re=    0, bf1_y0_im=    0, bf1_y1_re= 8194, bf1_y1_im=    0
bf1_x0_re=    0, bf1_x0_im=    0, bf1_x1_re=    0, bf1_x1_im=    0, bf1_y0_re=    0, bf1_y0_im=    0, bf1_y1_re=    0, bf1_y1_im=    0
bf1_x0_re=    0, bf1_x0_im=    0, bf1_x1_re=    0, bf1_x1_im=    0, bf1_y0_re=    0, bf1_y0_im=    0, bf1_y1_re=    0, bf1_y1_im=    0
bf1_x0_re= 8193, bf1_x0_im=    0, bf1_x1_re= 8191, bf1_x1_im=    0, bf1_y0_re=    0, bf1_y0_im=    0, bf1_y1_re= 8193, bf1_y1_im=    0
bf1_x0_re=    0, bf1_x0_im=    0, bf1_x1_re=    0, bf1_x1_im=    0, bf1_y0_re=    0, bf1_y0_im=    0, bf1_y1_re=    0, bf1_y1_im=    0
bf1_x0_re=    0, bf1_x0_im=    0, bf1_x1_re=    0, bf1_x1_im=    0, bf1_y0_re=    0, bf1_y0_im=    0, bf1_y1_re=    0, bf1_y1_im=    0
bf1_x0_re= 8193, bf1_x0_im=    0, bf1_x1_re= 8191, bf1_x1_im=    0, bf1_y0_re=    0, bf1_y0_im=    0, bf1_y1_re= 8193, bf1_y1_im=    0
bf1_x0_re=    0, bf1_x0_im=    0, bf1_x1_re=    0, bf1_x1_im=    0, bf1_y0_re=    0, bf1_y0_im=    0, bf1_y1_re=    0, bf1_y1_im=    0
bf1_x0_re=    0, bf1_x0_im=    0, bf1_x1_re=    0, bf1_x1_im=    0, bf1_y0_re=    0, bf1_y0_im=    0, bf1_y1_re=    0, bf1_y1_im=    0
bf1_x0_re=    0, bf1_x0_im=    0, bf1_x1_re=    0, bf1_x1_im=    0, bf1_y0_re=    0, bf1_y0_im=    0, bf1_y1_re=    0, bf1_y1_im=    0
bf1_x0_re=    0, bf1_x0_im=    0, bf1_x1_re=    0, bf1_x1_im=    0, bf1_y0_re=    0, bf1_y0_im=    0, bf1_y1_re=    0, bf1_y1_im=    0
bf1_x0_re=    0, bf1_x0_im=    0, bf1_x1_re=    0, bf1_x1_im=    0, bf1_y0_re=    0, bf1_y0_im=    0, bf1_y1_re=    0, bf1_y1_im=    0
bf1_x0_re=    0, bf1_x0_im=    0, bf1_x1_re=    0, bf1_x1_im=    0, bf1_y0_re=    0, bf1_y0_im=    0, bf1_y1_re=    0, bf1_y1_im=    0
bf1_x0_re=    0, bf1_x0_im=    0, bf1_x1_re=    0, bf1_x1_im=    0, bf1_y0_re=    0, bf1_y0_im=    0, bf1_y1_re=    0, bf1_y1_im=    0
bf1_x0_re=    0, bf1_x0_im=    0, bf1_x1_re=    0, bf1_x1_im=    0, bf1_y0_re=    0, bf1_y0_im=    0, bf1_y1_re=    0, bf1_y1_im=    0
bf1_x0_re=    0, bf1_x0_im=    0, bf1_x1_re=    0, bf1_x1_im=    0, bf1_y0_re=    0, bf1_y0_im=    0, bf1_y1_re=    0, bf1_y1_im=    0
bf1_x0_re=    0, bf1_x0_im=    0, bf1_x1_re=    0, bf1_x1_im=    0, bf1_y0_re=    0, bf1_y0_im=    0, bf1_y1_re=    0, bf1_y1_im=    0
bf1_x0_re=    0, bf1_x0_im=    0, bf1_x1_re=    0, bf1_x1_im=    0, bf1_y0_re=    0, bf1_y0_im=    0, bf1_y1_re=    0, bf1_y1_im=    0
bf1_x0_re=    0, bf1_x0_im=    0, bf1_x1_re=    0, bf1_x1_im=    0, bf1_y0_re=    0, bf1_y0_im=    0, bf1_y1_re=    0, bf1_y1_im=    0
bf1_x0_re=    0, bf1_x0_im=    0, bf1_x1_re=    0, bf1_x1_im=    0, bf1_y0_re=    0, bf1_y0_im=    0, bf1_y1_re=    0, bf1_y1_im=    0
bf1_x0_re=    0, bf1_x0_im=    0, bf1_x1_re=    0, bf1_x1_im=    0, bf1_y0_re=    0, bf1_y0_im=    0, bf1_y1_re=    0, bf1_y1_im=    0
bf1_x0_re=    0, bf1_x0_im=    0, bf1_x1_re=    0, bf1_x1_im=    0, bf1_y0_re=    0, bf1_y0_im=    0, bf1_y1_re=    0, bf1_y1_im=    0
bf1_x0_re=    0, bf1_x0_im=    0, bf1_x1_re=    0, bf1_x1_im=    0, bf1_y0_re=    0, bf1_y0_im=    0, bf1_y1_re=    0, bf1_y1_im=    0
bf1_x0_re=    0, bf1_x0_im=    0, bf1_x1_re=    0, bf1_x1_im=    0, bf1_y0_re=    0, bf1_y0_im=    0, bf1_y1_re=    0, bf1_y1_im=    0
bf1_x0_re=    0, bf1_x0_im=    0, bf1_x1_re=    0, bf1_x1_im=    0, bf1_y0_re=    0, bf1_y0_im=    0, bf1_y1_re=    0, bf1_y1_im=    0
bf1_x0_re=    0, bf1_x0_im=    0, bf1_x1_re=    0, bf1_x1_im=    0, bf1_y0_re=    0, bf1_y0_im=    0, bf1_y1_re=    0, bf1_y1_im=    0
bf1_x0_re=    0, bf1_x0_im=    0, bf1_x1_re=    0, bf1_x1_im=    0, bf1_y0_re=    0, bf1_y0_im=    0, bf1_y1_re=    0, bf1_y1_im=    0
bf1_x0_re=    0, bf1_x0_im=    0, bf1_x1_re=    0, bf1_x1_im=    0, bf1_y0_re=    0, bf1_y0_im=    0, bf1_y1_re=    0, bf1_y1_im=    0
bf1_x0_re=    0, bf1_x0_im=    0, bf1_x1_re=    0, bf1_x1_im=    0, bf1_y0_re=    0, bf1_y0_im=    0, bf1_y1_re=    0, bf1_y1_im=    0
bf1_x0_re=    0, bf1_x0_im=    0, bf1_x1_re=    0, bf1_x1_im=    0, bf1_y0_re=    0, bf1_y0_im=    0, bf1_y1_re=    0, bf1_y1_im=    0
bf1_x0_re=    0, bf1_x0_im=    0, bf1_x1_re=    0, bf1_x1_im=    0, bf1_y0_re=    0, bf1_y0_im=    0, bf1_y1_re=    0, bf1_y1_im=    0
bf1_x0_re=    0, bf1_x0_im=    0, bf1_x1_re=    0, bf1_x1_im=    0, bf1_y0_re=    0, bf1_y0_im=    0, bf1_y1_re=    0, bf1_y1_im=    0
bf1_x0_re=    0, bf1_x0_im=    0, bf1_x1_re=    0, bf1_x1_im=    0, bf1_y0_re=    0, bf1_y0_im=    0, bf1_y1_re=    0, bf1_y1_im=    0
bf1_x0_re=    0, bf1_x0_im=    0, bf1_x1_re=    0, bf1_x1_im=    0, bf1_y0_re=    0, bf1_y0_im=    0, bf1_y1_re=    0, bf1_y1_im=    0
bf1_x0_re=    0, bf1_x0_im=    0, bf1_x1_re=    0, bf1_x1_im=    0, bf1_y0_re=    0, bf1_y0_im=    0, bf1_y1_re=    0, bf1_y1_im=    0
bf1_x0_re=    0, bf1_x0_im=    0, bf1_x1_re=    0, bf1_x1_im=    0, bf1_y0_re=    0, bf1_y0_im=    0, bf1_y1_re=    0, bf1_y1_im=    0
bf1_x0_re=    0, bf1_x0_im=    0, bf1_x1_re=    0, bf1_x1_im=    0, bf1_y0_re=    0, bf1_y0_im=    0, bf1_y1_re=    0, bf1_y1_im=    0
bf1_x0_re=    0, bf1_x0_im=    0, bf1_x1_re=    0, bf1_x1_im=    0, bf1_y0_re=    0, bf1_y0_im=    0, bf1_y1_re=    0, bf1_y1_im=    0
bf1_x0_re=    0, bf1_x0_im=    0, bf1_x1_re=    0, bf1_x1_im=    0, bf1_y0_re=    0, bf1_y0_im=    0, bf1_y1_re=    0, bf1_y1_im=    0
bf1_x0_re=    0, bf1_x0_im=    0, bf1_x1_re=    0, bf1_x1_im=    0, bf1_y0_re=    0, bf1_y0_im=    0, bf1_y1_re=    0, bf1_y1_im=    0
bf1_x0_re=    0, bf1_x0_im=    0, bf1_x1_re=    0, bf1_x1_im=    0, bf1_y0_re=    0, bf1_y0_im=    0, bf1_y1_re=    0, bf1_y1_im=    0
bf1_x0_re=    0, bf1_x0_im=    0, bf1_x1_re=    0, bf1_x1_im=    0, bf1_y0_re=    0, bf1_y0_im=    0, bf1_y1_re=    0, bf1_y1_im=    0
bf1_x0_re=    0, bf1_x0_im=    0, bf1_x1_re=    0, bf1_x1_im=    0, bf1_y0_re=    0, bf1_y0_im=    0, bf1_y1_re=    0, bf1_y1_im=    0
bf1_x0_re=    0, bf1_x0_im=    0, bf1_x1_re=    0, bf1_x1_im=    0, bf1_y0_re=    0, bf1_y0_im=    0, bf1_y1_re=    0, bf1_y1_im=    0
bf1_x0_re=    0, bf1_x0_im=    0, bf1_x1_re=    0, bf1_x1_im=    0, bf1_y0_re=    0, bf1_y0_im=    0, bf1_y1_re=    0, bf1_y1_im=    0
bf1_x0_re=    0, bf1_x0_im=    0, bf1_x1_re=    0, bf1_x1_im=    0, bf1_y0_re=    0, bf1_y0_im=    0, bf1_y1_re=    0, bf1_y1_im=    0
bf1_x0_re=    0, bf1_x0_im=    0, bf1_x1_re=    0, bf1_x1_im=    0, bf1_y0_re=    0, bf1_y0_im=    0, bf1_y1_re=    0, bf1_y1_im=    0
bf1_x0_re=    0, bf1_x0_im=    0, bf1_x1_re=    0, bf1_x1_im=    0, bf1_y0_re=    0, bf1_y0_im=    0, bf1_y1_re=    0, bf1_y1_im=    0
bf1_x0_re=    0, bf1_x0_im=    0, bf1_x1_re=    0, bf1_x1_im=    0, bf1_y0_re=    0, bf1_y0_im=    0, bf1_y1_re=    0, bf1_y1_im=    0
bf1_x0_re=    0, bf1_x0_im=    0, bf1_x1_re=    0, bf1_x1_im=    0, bf1_y0_re=    0, bf1_y0_im=    0, bf1_y1_re=    0, bf1_y1_im=    0
bf1_x0_re=    0, bf1_x0_im=    0, bf1_x1_re=    0, bf1_x1_im=    0, bf1_y0_re=    0, bf1_y0_im=    0, bf1_y1_re=    0, bf1_y1_im=    0
bf1_x0_re=    0, bf1_x0_im=    0, bf1_x1_re=    0, bf1_x1_im=    0, bf1_y0_re=    0, bf1_y0_im=    0, bf1_y1_re=    0, bf1_y1_im=    0
bf1_x0_re=    0, bf1_x0_im=    0, bf1_x1_re=    0, bf1_x1_im=    0, bf1_y0_re=    0, bf1_y0_im=    0, bf1_y1_re=    0, bf1_y1_im=    0
bf1_x0_re=    0, bf1_x0_im=    0, bf1_x1_re=    0, bf1_x1_im=    0, bf1_y0_re=    0, bf1_y0_im=    0, bf1_y1_re=    0, bf1_y1_im=    0
bf1_x0_re=    0, bf1_x0_im=    0, bf1_x1_re=    0, bf1_x1_im=    0, bf1_y0_re=    0, bf1_y0_im=    0, bf1_y1_re=    0, bf1_y1_im=    0
bf1_x0_re=    0, bf1_x0_im=    0, bf1_x1_re=    0, bf1_x1_im=    0, bf1_y0_re=    0, bf1_y0_im=    0, bf1_y1_re=    0, bf1_y1_im=    0
bf1_x0_re=    0, bf1_x0_im=    0, bf1_x1_re=    0, bf1_x1_im=    0, bf1_y0_re=    0, bf1_y0_im=    0, bf1_y1_re=    0, bf1_y1_im=    0
bf1_x0_re=    0, bf1_x0_im=    0, bf1_x1_re=    0, bf1_x1_im=    0, bf1_y0_re=    0, bf1_y0_im=    0, bf1_y1_re=    0, bf1_y1_im=    0
bf1_x0_re=    0, bf1_x0_im=    0, bf1_x1_re=    0, bf1_x1_im=    0, bf1_y0_re=    0, bf1_y0_im=    0, bf1_y1_re=    0, bf1_y1_im=    0
bf1_x0_re=    0, bf1_x0_im=    0, bf1_x1_re=    0, bf1_x1_im=    0, bf1_y0_re=    0, bf1_y0_im=    0, bf1_y1_re=    0, bf1_y1_im=    0
bf1_x0_re=    0, bf1_x0_im=    0, bf1_x1_re=    0, bf1_x1_im=    0, bf1_y0_re=    0, bf1_y0_im=    0, bf1_y1_re=    0, bf1_y1_im=    0
bf1_x0_re=    0, bf1_x0_im=    0, bf1_x1_re=    0, bf1_x1_im=    0, bf1_y0_re=    0, bf1_y0_im=    0, bf1_y1_re=    0, bf1_y1_im=    0
bf1_x0_re=    0, bf1_x0_im=    0, bf1_x1_re=    0, bf1_x1_im=    0, bf1_y0_re=    0, bf1_y0_im=    0, bf1_y1_re=    0, bf1_y1_im=    0
bf1_x0_re=    0, bf1_x0_im=    0, bf1_x1_re=    0, bf1_x1_im=    0, bf1_y0_re=    0, bf1_y0_im=    0, bf1_y1_re=    0, bf1_y1_im=    0
bf1_x0_re=    0, bf1_x0_im=    0, bf1_x1_re=    0, bf1_x1_im=    0, bf1_y0_re=    0, bf1_y0_im=    0, bf1_y1_re=    0, bf1_y1_im=    0
bf1_x0_re=    0, bf1_x0_im=    0, bf1_x1_re=    0, bf1_x1_im=    0, bf1_y0_re=    0, bf1_y0_im=    0, bf1_y1_re=    0, bf1_y1_im=    0
bf1_x0_re=    0, bf1_x0_im=    0, bf1_x1_re=    0, bf1_x1_im=    0, bf1_y0_re=    0, bf1_y0_im=    0, bf1_y1_re=    0, bf1_y1_im=    0
bf1_x0_re=    0, bf1_x0_im=    0, bf1_x1_re=    0, bf1_x1_im=    0, bf1_y0_re=    0, bf1_y0_im=    0, bf1_y1_re=    0, bf1_y1_im=    0
bf1_x0_re=    0, bf1_x0_im=    0, bf1_x1_re=    0, bf1_x1_im=    0, bf1_y0_re=    0, bf1_y0_im=    0, bf1_y1_re=    0, bf1_y1_im=    0
bf1_x0_re=    0, bf1_x0_im=    0, bf1_x1_re=    0, bf1_x1_im=    0, bf1_y0_re=    0, bf1_y0_im=    0, bf1_y1_re=    0, bf1_y1_im=    0
bf1_x0_re=    0, bf1_x0_im=    0, bf1_x1_re=    0, bf1_x1_im=    0, bf1_y0_re=    0, bf1_y0_im=    0, bf1_y1_re=    0, bf1_y1_im=    0
bf1_x0_re=    0, bf1_x0_im=    0, bf1_x1_re=    0, bf1_x1_im=    0, bf1_y0_re=    0, bf1_y0_im=    0, bf1_y1_re=    0, bf1_y1_im=    0
bf1_x0_re=    0, bf1_x0_im=    0, bf1_x1_re=    0, bf1_x1_im=    0, bf1_y0_re=    0, bf1_y0_im=    0, bf1_y1_re=    0, bf1_y1_im=    0
bf1_x0_re=    0, bf1_x0_im=    0, bf1_x1_re=    0, bf1_x1_im=    0, bf1_y0_re=    0, bf1_y0_im=    0, bf1_y1_re=    0, bf1_y1_im=    0
bf1_x0_re=    0, bf1_x0_im=    0, bf1_x1_re=    0, bf1_x1_im=    0, bf1_y0_re=    0, bf1_y0_im=    0, bf1_y1_re=    0, bf1_y1_im=    0
bf1_x0_re=    0, bf1_x0_im=    0, bf1_x1_re=    0, bf1_x1_im=    0, bf1_y0_re=    0, bf1_y0_im=    0, bf1_y1_re=    0, bf1_y1_im=    0
bf1_x0_re=    0, bf1_x0_im=    0, bf1_x1_re=    0, bf1_x1_im=    0, bf1_y0_re=    0, bf1_y0_im=    0, bf1_y1_re=    0, bf1_y1_im=    0
bf1_x0_re=    0, bf1_x0_im=    0, bf1_x1_re=    0, bf1_x1_im=    0, bf1_y0_re=    0, bf1_y0_im=    0, bf1_y1_re=    0, bf1_y1_im=    0
